<?xml version="1.0" encoding="UTF-8"?>
<testsuite name="com.cscnu.stack.AppTest" time="10.302" tests="1" errors="1" skipped="0" failures="0">
  <properties>
[...]
</properties>
  <testcase name="test" classname="com.cscnu.stack.AppTest" time="10.302">
    <error message="stack is empty." type="java.lang.IllegalStateException">java.lang.IllegalStateException: stack is empty.
	at com.cscnu.stack.ListStack.pop(ListStack.java:14)
	at com.cscnu.stack.AppTest.test(AppTest.java:34)
</error>
    <system-out><![CDATA[pop : 10000
pop : 9999
pop : 9998
pop : 9997
pop : 9996
pop : 9995
pop : 9994
pop : 9993
pop : 9992
pop : 9991
pop : 9990
pop : 9989
pop : 9988
pop : 9987
pop : 9986
pop : 9985
pop : 9984
pop : 9983
pop : 9982
pop : 9981
pop : 9980
pop : 9979
pop : 9978
pop : 9977
pop : 9976
pop : 9975
pop : 9974
pop : 9973
pop : 9972
pop : 9971
pop : 9970
pop : 9969
pop : 9968
pop : 9967
pop : 9966
pop : 9965
pop : 9964
pop : 9963
pop : 9962
pop : 9961
pop : 9960
pop : 9959
pop : 9958
pop : 9957
pop : 9956
pop : 9955
pop : 9954
pop : 9953
pop : 9952
pop : 9951
pop : 9950
pop : 9949
pop : 9948
pop : 9947
pop : 9946
pop : 9945
pop : 9944
pop : 9943
pop : 9942
pop : 9941
pop : 9940
pop : 9939
pop : 9938
pop : 9937
pop : 9936
pop : 9935
pop : 9934
pop : 9933
pop : 9932
pop : 9931
pop : 9930
pop : 9929
pop : 9928
pop : 9927
pop : 9926
pop : 9925
pop : 9924
pop : 9923
pop : 9922
pop : 9921
pop : 9920
pop : 9919
pop : 9918
pop : 9917
pop : 9916
pop : 9915
pop : 9914
pop : 9913
pop : 9912
pop : 9911
pop : 9910
pop : 9909
pop : 9908
pop : 9907
pop : 9906
pop : 9905
pop : 9904
pop : 9903
pop : 9902
pop : 9901
pop : 9900
pop : 9899
pop : 9898
pop : 9897
pop : 9896
pop : 9895
pop : 9894
pop : 9893
pop : 9892
pop : 9891
pop : 9890
pop : 9889
pop : 9888
pop : 9887
pop : 9886
pop : 9885
pop : 9884
pop : 9883
pop : 9882
pop : 9881
pop : 9880
pop : 9879
pop : 9878
pop : 9877
pop : 9876
pop : 9875
pop : 9874
pop : 9873
pop : 9872
pop : 9871
pop : 9870
pop : 9869
pop : 9868
pop : 9867
pop : 9866
pop : 9865
pop : 9864
pop : 9863
pop : 9862
pop : 9861
pop : 9860
pop : 9859
pop : 9858
pop : 9857
pop : 9856
pop : 9855
pop : 9854
pop : 9853
pop : 9852
pop : 9851
pop : 9850
pop : 9849
pop : 9848
pop : 9847
pop : 9846
pop : 9845
pop : 9844
pop : 9843
pop : 9842
pop : 9841
pop : 9840
pop : 9839
pop : 9838
pop : 9837
pop : 9836
pop : 9835
pop : 9834
pop : 9833
pop : 9832
pop : 9831
pop : 9830
pop : 9829
pop : 9828
pop : 9827
pop : 9826
pop : 9825
pop : 9824
pop : 9823
pop : 9822
pop : 9821
pop : 9820
pop : 9819
pop : 9818
pop : 9817
pop : 9816
pop : 9815
pop : 9814
pop : 9813
pop : 9812
pop : 9811
pop : 9810
pop : 9809
pop : 9808
pop : 9807
pop : 9806
pop : 9805
pop : 9804
pop : 9803
pop : 9802
pop : 9801
pop : 9800
pop : 9799
pop : 9798
pop : 9797
pop : 9796
pop : 9795
pop : 9794
pop : 9793
pop : 9792
pop : 9791
pop : 9790
pop : 9789
pop : 9788
pop : 9787
pop : 9786
pop : 9785
pop : 9784
pop : 9783
pop : 9782
pop : 9781
pop : 9780
pop : 9779
pop : 9778
pop : 9777
pop : 9776
pop : 9775
pop : 9774
pop : 9773
pop : 9772
pop : 9771
pop : 9770
pop : 9769
pop : 9768
pop : 9767
pop : 9766
pop : 9765
pop : 9764
pop : 9763
pop : 9762
pop : 9761
pop : 9760
pop : 9759
pop : 9758
pop : 9757
pop : 9756
pop : 9755
pop : 9754
pop : 9753
pop : 9752
pop : 9751
pop : 9750
pop : 9749
pop : 9748
pop : 9747
pop : 9746
pop : 9745
pop : 9744
pop : 9743
pop : 9742
pop : 9741
pop : 9740
pop : 9739
pop : 9738
pop : 9737
pop : 9736
pop : 9735
pop : 9734
pop : 9733
pop : 9732
pop : 9731
pop : 9730
pop : 9729
pop : 9728
pop : 9727
pop : 9726
pop : 9725
pop : 9724
pop : 9723
pop : 9722
pop : 9721
pop : 9720
pop : 9719
pop : 9718
pop : 9717
pop : 9716
pop : 9715
pop : 9714
pop : 9713
pop : 9712
pop : 9711
pop : 9710
pop : 9709
pop : 9708
pop : 9707
pop : 9706
pop : 9705
pop : 9704
pop : 9703
pop : 9702
pop : 9701
pop : 9700
pop : 9699
pop : 9698
pop : 9697
pop : 9696
pop : 9695
pop : 9694
pop : 9693
pop : 9692
pop : 9691
pop : 9690
pop : 9689
pop : 9688
pop : 9687
pop : 9686
pop : 9685
pop : 9684
pop : 9683
pop : 9682
pop : 9681
pop : 9680
pop : 9679
pop : 9678
pop : 9677
pop : 9676
pop : 9675
pop : 9674
pop : 9673
pop : 9672
pop : 9671
pop : 9670
pop : 9669
pop : 9668
pop : 9667
pop : 9666
pop : 9665
pop : 9664
pop : 9663
pop : 9662
pop : 9661
pop : 9660
pop : 9659
pop : 9658
pop : 9657
pop : 9656
pop : 9655
pop : 9654
pop : 9653
pop : 9652
pop : 9651
pop : 9650
pop : 9649
pop : 9648
pop : 9647
pop : 9646
pop : 9645
pop : 9644
pop : 9643
pop : 9642
pop : 9641
pop : 9640
pop : 9639
pop : 9638
pop : 9637
pop : 9636
pop : 9635
pop : 9634
pop : 9633
pop : 9632
pop : 9631
pop : 9630
pop : 9629
pop : 9628
pop : 9627
pop : 9626
pop : 9625
pop : 9624
pop : 9623
pop : 9622
pop : 9621
pop : 9620
pop : 9619
pop : 9618
pop : 9617
pop : 9616
pop : 9615
pop : 9614
pop : 9613
pop : 9612
pop : 9611
pop : 9610
pop : 9609
pop : 9608
pop : 9607
pop : 9606
pop : 9605
pop : 9604
pop : 9603
pop : 9602
pop : 9601
pop : 9600
pop : 9599
pop : 9598
pop : 9597
pop : 9596
pop : 9595
pop : 9594
pop : 9593
pop : 9592
pop : 9591
pop : 9590
pop : 9589
pop : 9588
pop : 9587
pop : 9586
pop : 9585
pop : 9584
pop : 9583
pop : 9582
pop : 9581
pop : 9580
pop : 9579
pop : 9578
pop : 9577
pop : 9576
pop : 9575
pop : 9574
pop : 9573
pop : 9572
pop : 9571
pop : 9570
pop : 9569
pop : 9568
pop : 9567
pop : 9566
pop : 9565
pop : 9564
pop : 9563
pop : 9562
pop : 9561
pop : 9560
pop : 9559
pop : 9558
pop : 9557
pop : 9556
pop : 9555
pop : 9554
pop : 9553
pop : 9552
pop : 9551
pop : 9550
pop : 9549
pop : 9548
pop : 9547
pop : 9546
pop : 9545
pop : 9544
pop : 9543
pop : 9542
pop : 9541
pop : 9540
pop : 9539
pop : 9538
pop : 9537
pop : 9536
pop : 9535
pop : 9534
pop : 9533
pop : 9532
pop : 9531
pop : 9530
pop : 9529
pop : 9528
pop : 9527
pop : 9526
pop : 9525
pop : 9524
pop : 9523
pop : 9522
pop : 9521
pop : 9520
pop : 9519
pop : 9518
pop : 9517
pop : 9516
pop : 9515
pop : 9514
pop : 9513
pop : 9512
pop : 9511
pop : 9510
pop : 9509
pop : 9508
pop : 9507
pop : 9506
pop : 9505
pop : 9504
pop : 9503
pop : 9502
pop : 9501
pop : 9500
pop : 9499
pop : 9498
pop : 9497
pop : 9496
pop : 9495
pop : 9494
pop : 9493
pop : 9492
pop : 9491
pop : 9490
pop : 9489
pop : 9488
pop : 9487
pop : 9486
pop : 9485
pop : 9484
pop : 9483
pop : 9482
pop : 9481
pop : 9480
pop : 9479
pop : 9478
pop : 9477
pop : 9476
pop : 9475
pop : 9474
pop : 9473
pop : 9472
pop : 9471
pop : 9470
pop : 9469
pop : 9468
pop : 9467
pop : 9466
pop : 9465
pop : 9464
pop : 9463
pop : 9462
pop : 9461
pop : 9460
pop : 9459
pop : 9458
pop : 9457
pop : 9456
pop : 9455
pop : 9454
pop : 9453
pop : 9452
pop : 9451
pop : 9450
pop : 9449
pop : 9448
pop : 9447
pop : 9446
pop : 9445
pop : 9444
pop : 9443
pop : 9442
pop : 9441
pop : 9440
pop : 9439
pop : 9438
pop : 9437
pop : 9436
pop : 9435
pop : 9434
pop : 9433
pop : 9432
pop : 9431
pop : 9430
pop : 9429
pop : 9428
pop : 9427
pop : 9426
pop : 9425
pop : 9424
pop : 9423
pop : 9422
pop : 9421
pop : 9420
pop : 9419
pop : 9418
pop : 9417
pop : 9416
pop : 9415
pop : 9414
pop : 9413
pop : 9412
pop : 9411
pop : 9410
pop : 9409
pop : 9408
pop : 9407
pop : 9406
pop : 9405
pop : 9404
pop : 9403
pop : 9402
pop : 9401
pop : 9400
pop : 9399
pop : 9398
pop : 9397
pop : 9396
pop : 9395
pop : 9394
pop : 9393
pop : 9392
pop : 9391
pop : 9390
pop : 9389
pop : 9388
pop : 9387
pop : 9386
pop : 9385
pop : 9384
pop : 9383
pop : 9382
pop : 9381
pop : 9380
pop : 9379
pop : 9378
pop : 9377
pop : 9376
pop : 9375
pop : 9374
pop : 9373
pop : 9372
pop : 9371
pop : 9370
pop : 9369
pop : 9368
pop : 9367
pop : 9366
pop : 9365
pop : 9364
pop : 9363
pop : 9362
pop : 9361
pop : 9360
pop : 9359
pop : 9358
pop : 9357
pop : 9356
pop : 9355
pop : 9354
pop : 9353
pop : 9352
pop : 9351
pop : 9350
pop : 9349
pop : 9348
pop : 9347
pop : 9346
pop : 9345
pop : 9344
pop : 9343
pop : 9342
pop : 9341
pop : 9340
pop : 9339
pop : 9338
pop : 9337
pop : 9336
pop : 9335
pop : 9334
pop : 9333
pop : 9332
pop : 9331
pop : 9330
pop : 9329
pop : 9328
pop : 9327
pop : 9326
pop : 9325
pop : 9324
pop : 9323
pop : 9322
pop : 9321
pop : 9320
pop : 9319
pop : 9318
pop : 9317
pop : 9316
pop : 9315
pop : 9314
pop : 9313
pop : 9312
pop : 9311
pop : 9310
pop : 9309
pop : 9308
pop : 9307
pop : 9306
pop : 9305
pop : 9304
pop : 9303
pop : 9302
pop : 9301
pop : 9300
pop : 9299
pop : 9298
pop : 9297
pop : 9296
pop : 9295
pop : 9294
pop : 9293
pop : 9292
pop : 9291
pop : 9290
pop : 9289
pop : 9288
pop : 9287
pop : 9286
pop : 9285
pop : 9284
pop : 9283
pop : 9282
pop : 9281
pop : 9280
pop : 9279
pop : 9278
pop : 9277
pop : 9276
pop : 9275
pop : 9274
pop : 9273
pop : 9272
pop : 9271
pop : 9270
pop : 9269
pop : 9268
pop : 9267
pop : 9266
pop : 9265
pop : 9264
pop : 9263
pop : 9262
pop : 9261
pop : 9260
pop : 9259
pop : 9258
pop : 9257
pop : 9256
pop : 9255
pop : 9254
pop : 9253
pop : 9252
pop : 9251
pop : 9250
pop : 9249
pop : 9248
pop : 9247
pop : 9246
pop : 9245
pop : 9244
pop : 9243
pop : 9242
pop : 9241
pop : 9240
pop : 9239
pop : 9238
pop : 9237
pop : 9236
pop : 9235
pop : 9234
pop : 9233
pop : 9232
pop : 9231
pop : 9230
pop : 9229
pop : 9228
pop : 9227
pop : 9226
pop : 9225
pop : 9224
pop : 9223
pop : 9222
pop : 9221
pop : 9220
pop : 9219
pop : 9218
pop : 9217
pop : 9216
pop : 9215
pop : 9214
pop : 9213
pop : 9212
pop : 9211
pop : 9210
pop : 9209
pop : 9208
pop : 9207
pop : 9206
pop : 9205
pop : 9204
pop : 9203
pop : 9202
pop : 9201
pop : 9200
pop : 9199
pop : 9198
pop : 9197
pop : 9196
pop : 9195
pop : 9194
pop : 9193
pop : 9192
pop : 9191
pop : 9190
pop : 9189
pop : 9188
pop : 9187
pop : 9186
pop : 9185
pop : 9184
pop : 9183
pop : 9182
pop : 9181
pop : 9180
pop : 9179
pop : 9178
pop : 9177
pop : 9176
pop : 9175
pop : 9174
pop : 9173
pop : 9172
pop : 9171
pop : 9170
pop : 9169
pop : 9168
pop : 9167
pop : 9166
pop : 9165
pop : 9164
pop : 9163
pop : 9162
pop : 9161
pop : 9160
pop : 9159
pop : 9158
pop : 9157
pop : 9156
pop : 9155
pop : 9154
pop : 9153
pop : 9152
pop : 9151
pop : 9150
pop : 9149
pop : 9148
pop : 9147
pop : 9146
pop : 9145
pop : 9144
pop : 9143
pop : 9142
pop : 9141
pop : 9140
pop : 9139
pop : 9138
pop : 9137
pop : 9136
pop : 9135
pop : 9134
pop : 9133
pop : 9132
pop : 9131
pop : 9130
pop : 9129
pop : 9128
pop : 9127
pop : 9126
pop : 9125
pop : 9124
pop : 9123
pop : 9122
pop : 9121
pop : 9120
pop : 9119
pop : 9118
pop : 9117
pop : 9116
pop : 9115
pop : 9114
pop : 9113
pop : 9112
pop : 9111
pop : 9110
pop : 9109
pop : 9108
pop : 9107
pop : 9106
pop : 9105
pop : 9104
pop : 9103
pop : 9102
pop : 9101
pop : 9100
pop : 9099
pop : 9098
pop : 9097
pop : 9096
pop : 9095
pop : 9094
pop : 9093
pop : 9092
pop : 9091
pop : 9090
pop : 9089
pop : 9088
pop : 9087
pop : 9086
pop : 9085
pop : 9084
pop : 9083
pop : 9082
pop : 9081
pop : 9080
pop : 9079
pop : 9078
pop : 9077
pop : 9076
pop : 9075
pop : 9074
pop : 9073
pop : 9072
pop : 9071
pop : 9070
pop : 9069
pop : 9068
pop : 9067
pop : 9066
pop : 9065
pop : 9064
pop : 9063
pop : 9062
pop : 9061
pop : 9060
pop : 9059
pop : 9058
pop : 9057
pop : 9056
pop : 9055
pop : 9054
pop : 9053
pop : 9052
pop : 9051
pop : 9050
pop : 9049
pop : 9048
pop : 9047
pop : 9046
pop : 9045
pop : 9044
pop : 9043
pop : 9042
pop : 9041
pop : 9040
pop : 9039
pop : 9038
pop : 9037
pop : 9036
pop : 9035
pop : 9034
pop : 9033
pop : 9032
pop : 9031
pop : 9030
pop : 9029
pop : 9028
pop : 9027
pop : 9026
pop : 9025
pop : 9024
pop : 9023
pop : 9022
pop : 9021
pop : 9020
pop : 9019
pop : 9018
pop : 9017
pop : 9016
pop : 9015
pop : 9014
pop : 9013
pop : 9012
pop : 9011
pop : 9010
pop : 9009
pop : 9008
pop : 9007
pop : 9006
pop : 9005
pop : 9004
pop : 9003
pop : 9002
pop : 9001
pop : 9000
pop : 8999
pop : 8998
pop : 8997
pop : 8996
pop : 8995
pop : 8994
pop : 8993
pop : 8992
pop : 8991
pop : 8990
pop : 8989
pop : 8988
pop : 8987
pop : 8986
pop : 8985
pop : 8984
pop : 8983
pop : 8982
pop : 8981
pop : 8980
pop : 8979
pop : 8978
pop : 8977
pop : 8976
pop : 8975
pop : 8974
pop : 8973
pop : 8972
pop : 8971
pop : 8970
pop : 8969
pop : 8968
pop : 8967
pop : 8966
pop : 8965
pop : 8964
pop : 8963
pop : 8962
pop : 8961
pop : 8960
pop : 8959
pop : 8958
pop : 8957
pop : 8956
pop : 8955
pop : 8954
pop : 8953
pop : 8952
pop : 8951
pop : 8950
pop : 8949
pop : 8948
pop : 8947
pop : 8946
pop : 8945
pop : 8944
pop : 8943
pop : 8942
pop : 8941
pop : 8940
pop : 8939
pop : 8938
pop : 8937
pop : 8936
pop : 8935
pop : 8934
pop : 8933
pop : 8932
pop : 8931
pop : 8930
pop : 8929
pop : 8928
pop : 8927
pop : 8926
pop : 8925
pop : 8924
pop : 8923
pop : 8922
pop : 8921
pop : 8920
pop : 8919
pop : 8918
pop : 8917
pop : 8916
pop : 8915
pop : 8914
pop : 8913
pop : 8912
pop : 8911
pop : 8910
pop : 8909
pop : 8908
pop : 8907
pop : 8906
pop : 8905
pop : 8904
pop : 8903
pop : 8902
pop : 8901
pop : 8900
pop : 8899
pop : 8898
pop : 8897
pop : 8896
pop : 8895
pop : 8894
pop : 8893
pop : 8892
pop : 8891
pop : 8890
pop : 8889
pop : 8888
pop : 8887
pop : 8886
pop : 8885
pop : 8884
pop : 8883
pop : 8882
pop : 8881
pop : 8880
pop : 8879
pop : 8878
pop : 8877
pop : 8876
pop : 8875
pop : 8874
pop : 8873
pop : 8872
pop : 8871
pop : 8870
pop : 8869
pop : 8868
pop : 8867
pop : 8866
pop : 8865
pop : 8864
pop : 8863
pop : 8862
pop : 8861
pop : 8860
pop : 8859
pop : 8858
pop : 8857
pop : 8856
pop : 8855
pop : 8854
pop : 8853
pop : 8852
pop : 8851
pop : 8850
pop : 8849
pop : 8848
pop : 8847
pop : 8846
pop : 8845
pop : 8844
pop : 8843
pop : 8842
pop : 8841
pop : 8840
pop : 8839
pop : 8838
pop : 8837
pop : 8836
pop : 8835
pop : 8834
pop : 8833
pop : 8832
pop : 8831
pop : 8830
pop : 8829
pop : 8828
pop : 8827
pop : 8826
pop : 8825
pop : 8824
pop : 8823
pop : 8822
pop : 8821
pop : 8820
pop : 8819
pop : 8818
pop : 8817
pop : 8816
pop : 8815
pop : 8814
pop : 8813
pop : 8812
pop : 8811
pop : 8810
pop : 8809
pop : 8808
pop : 8807
pop : 8806
pop : 8805
pop : 8804
pop : 8803
pop : 8802
pop : 8801
pop : 8800
pop : 8799
pop : 8798
pop : 8797
pop : 8796
pop : 8795
pop : 8794
pop : 8793
pop : 8792
pop : 8791
pop : 8790
pop : 8789
pop : 8788
pop : 8787
pop : 8786
pop : 8785
pop : 8784
pop : 8783
pop : 8782
pop : 8781
pop : 8780
pop : 8779
pop : 8778
pop : 8777
pop : 8776
pop : 8775
pop : 8774
pop : 8773
pop : 8772
pop : 8771
pop : 8770
pop : 8769
pop : 8768
pop : 8767
pop : 8766
pop : 8765
pop : 8764
pop : 8763
pop : 8762
pop : 8761
pop : 8760
pop : 8759
pop : 8758
pop : 8757
pop : 8756
pop : 8755
pop : 8754
pop : 8753
pop : 8752
pop : 8751
pop : 8750
pop : 8749
pop : 8748
pop : 8747
pop : 8746
pop : 8745
pop : 8744
pop : 8743
pop : 8742
pop : 8741
pop : 8740
pop : 8739
pop : 8738
pop : 8737
pop : 8736
pop : 8735
pop : 8734
pop : 8733
pop : 8732
pop : 8731
pop : 8730
pop : 8729
pop : 8728
pop : 8727
pop : 8726
pop : 8725
pop : 8724
pop : 8723
pop : 8722
pop : 8721
pop : 8720
pop : 8719
pop : 8718
pop : 8717
pop : 8716
pop : 8715
pop : 8714
pop : 8713
pop : 8712
pop : 8711
pop : 8710
pop : 8709
pop : 8708
pop : 8707
pop : 8706
pop : 8705
pop : 8704
pop : 8703
pop : 8702
pop : 8701
pop : 8700
pop : 8699
pop : 8698
pop : 8697
pop : 8696
pop : 8695
pop : 8694
pop : 8693
pop : 8692
pop : 8691
pop : 8690
pop : 8689
pop : 8688
pop : 8687
pop : 8686
pop : 8685
pop : 8684
pop : 8683
pop : 8682
pop : 8681
pop : 8680
pop : 8679
pop : 8678
pop : 8677
pop : 8676
pop : 8675
pop : 8674
pop : 8673
pop : 8672
pop : 8671
pop : 8670
pop : 8669
pop : 8668
pop : 8667
pop : 8666
pop : 8665
pop : 8664
pop : 8663
pop : 8662
pop : 8661
pop : 8660
pop : 8659
pop : 8658
pop : 8657
pop : 8656
pop : 8655
pop : 8654
pop : 8653
pop : 8652
pop : 8651
pop : 8650
pop : 8649
pop : 8648
pop : 8647
pop : 8646
pop : 8645
pop : 8644
pop : 8643
pop : 8642
pop : 8641
pop : 8640
pop : 8639
pop : 8638
pop : 8637
pop : 8636
pop : 8635
pop : 8634
pop : 8633
pop : 8632
pop : 8631
pop : 8630
pop : 8629
pop : 8628
pop : 8627
pop : 8626
pop : 8625
pop : 8624
pop : 8623
pop : 8622
pop : 8621
pop : 8620
pop : 8619
pop : 8618
pop : 8617
pop : 8616
pop : 8615
pop : 8614
pop : 8613
pop : 8612
pop : 8611
pop : 8610
pop : 8609
pop : 8608
pop : 8607
pop : 8606
pop : 8605
pop : 8604
pop : 8603
pop : 8602
pop : 8601
pop : 8600
pop : 8599
pop : 8598
pop : 8597
pop : 8596
pop : 8595
pop : 8594
pop : 8593
pop : 8592
pop : 8591
pop : 8590
pop : 8589
pop : 8588
pop : 8587
pop : 8586
pop : 8585
pop : 8584
pop : 8583
pop : 8582
pop : 8581
pop : 8580
pop : 8579
pop : 8578
pop : 8577
pop : 8576
pop : 8575
pop : 8574
pop : 8573
pop : 8572
pop : 8571
pop : 8570
pop : 8569
pop : 8568
pop : 8567
pop : 8566
pop : 8565
pop : 8564
pop : 8563
pop : 8562
pop : 8561
pop : 8560
pop : 8559
pop : 8558
pop : 8557
pop : 8556
pop : 8555
pop : 8554
pop : 8553
pop : 8552
pop : 8551
pop : 8550
pop : 8549
pop : 8548
pop : 8547
pop : 8546
pop : 8545
pop : 8544
pop : 8543
pop : 8542
pop : 8541
pop : 8540
pop : 8539
pop : 8538
pop : 8537
pop : 8536
pop : 8535
pop : 8534
pop : 8533
pop : 8532
pop : 8531
pop : 8530
pop : 8529
pop : 8528
pop : 8527
pop : 8526
pop : 8525
pop : 8524
pop : 8523
pop : 8522
pop : 8521
pop : 8520
pop : 8519
pop : 8518
pop : 8517
pop : 8516
pop : 8515
pop : 8514
pop : 8513
pop : 8512
pop : 8511
pop : 8510
pop : 8509
pop : 8508
pop : 8507
pop : 8506
pop : 8505
pop : 8504
pop : 8503
pop : 8502
pop : 8501
pop : 8500
pop : 8499
pop : 8498
pop : 8497
pop : 8496
pop : 8495
pop : 8494
pop : 8493
pop : 8492
pop : 8491
pop : 8490
pop : 8489
pop : 8488
pop : 8487
pop : 8486
pop : 8485
pop : 8484
pop : 8483
pop : 8482
pop : 8481
pop : 8480
pop : 8479
pop : 8478
pop : 8477
pop : 8476
pop : 8475
pop : 8474
pop : 8473
pop : 8472
pop : 8471
pop : 8470
pop : 8469
pop : 8468
pop : 8467
pop : 8466
pop : 8465
pop : 8464
pop : 8463
pop : 8462
pop : 8461
pop : 8460
pop : 8459
pop : 8458
pop : 8457
pop : 8456
pop : 8455
pop : 8454
pop : 8453
pop : 8452
pop : 8451
pop : 8450
pop : 8449
pop : 8448
pop : 8447
pop : 8446
pop : 8445
pop : 8444
pop : 8443
pop : 8442
pop : 8441
pop : 8440
pop : 8439
pop : 8438
pop : 8437
pop : 8436
pop : 8435
pop : 8434
pop : 8433
pop : 8432
pop : 8431
pop : 8430
pop : 8429
pop : 8428
pop : 8427
pop : 8426
pop : 8425
pop : 8424
pop : 8423
pop : 8422
pop : 8421
pop : 8420
pop : 8419
pop : 8418
pop : 8417
pop : 8416
pop : 8415
pop : 8414
pop : 8413
pop : 8412
pop : 8411
pop : 8410
pop : 8409
pop : 8408
pop : 8407
pop : 8406
pop : 8405
pop : 8404
pop : 8403
pop : 8402
pop : 8401
pop : 8400
pop : 8399
pop : 8398
pop : 8397
pop : 8396
pop : 8395
pop : 8394
pop : 8393
pop : 8392
pop : 8391
pop : 8390
pop : 8389
pop : 8388
pop : 8387
pop : 8386
pop : 8385
pop : 8384
pop : 8383
pop : 8382
pop : 8381
pop : 8380
pop : 8379
pop : 8378
pop : 8377
pop : 8376
pop : 8375
pop : 8374
pop : 8373
pop : 8372
pop : 8371
pop : 8370
pop : 8369
pop : 8368
pop : 8367
pop : 8366
pop : 8365
pop : 8364
pop : 8363
pop : 8362
pop : 8361
pop : 8360
pop : 8359
pop : 8358
pop : 8357
pop : 8356
pop : 8355
pop : 8354
pop : 8353
pop : 8352
pop : 8351
pop : 8350
pop : 8349
pop : 8348
pop : 8347
pop : 8346
pop : 8345
pop : 8344
pop : 8343
pop : 8342
pop : 8341
pop : 8340
pop : 8339
pop : 8338
pop : 8337
pop : 8336
pop : 8335
pop : 8334
pop : 8333
pop : 8332
pop : 8331
pop : 8330
pop : 8329
pop : 8328
pop : 8327
pop : 8326
pop : 8325
pop : 8324
pop : 8323
pop : 8322
pop : 8321
pop : 8320
pop : 8319
pop : 8318
pop : 8317
pop : 8316
pop : 8315
pop : 8314
pop : 8313
pop : 8312
pop : 8311
pop : 8310
pop : 8309
pop : 8308
pop : 8307
pop : 8306
pop : 8305
pop : 8304
pop : 8303
pop : 8302
pop : 8301
pop : 8300
pop : 8299
pop : 8298
pop : 8297
pop : 8296
pop : 8295
pop : 8294
pop : 8293
pop : 8292
pop : 8291
pop : 8290
pop : 8289
pop : 8288
pop : 8287
pop : 8286
pop : 8285
pop : 8284
pop : 8283
pop : 8282
pop : 8281
pop : 8280
pop : 8279
pop : 8278
pop : 8277
pop : 8276
pop : 8275
pop : 8274
pop : 8273
pop : 8272
pop : 8271
pop : 8270
pop : 8269
pop : 8268
pop : 8267
pop : 8266
pop : 8265
pop : 8264
pop : 8263
pop : 8262
pop : 8261
pop : 8260
pop : 8259
pop : 8258
pop : 8257
pop : 8256
pop : 8255
pop : 8254
pop : 8253
pop : 8252
pop : 8251
pop : 8250
pop : 8249
pop : 8248
pop : 8247
pop : 8246
pop : 8245
pop : 8244
pop : 8243
pop : 8242
pop : 8241
pop : 8240
pop : 8239
pop : 8238
pop : 8237
pop : 8236
pop : 8235
pop : 8234
pop : 8233
pop : 8232
pop : 8231
pop : 8230
pop : 8229
pop : 8228
pop : 8227
pop : 8226
pop : 8225
pop : 8224
pop : 8223
pop : 8222
pop : 8221
pop : 8220
pop : 8219
pop : 8218
pop : 8217
pop : 8216
pop : 8215
pop : 8214
pop : 8213
pop : 8212
pop : 8211
pop : 8210
pop : 8209
pop : 8208
pop : 8207
pop : 8206
pop : 8205
pop : 8204
pop : 8203
pop : 8202
pop : 8201
pop : 8200
pop : 8199
pop : 8198
pop : 8197
pop : 8196
pop : 8195
pop : 8194
pop : 8193
pop : 8192
pop : 8191
pop : 8190
pop : 8189
pop : 8188
pop : 8187
pop : 8186
pop : 8185
pop : 8184
pop : 8183
pop : 8182
pop : 8181
pop : 8180
pop : 8179
pop : 8178
pop : 8177
pop : 8176
pop : 8175
pop : 8174
pop : 8173
pop : 8172
pop : 8171
pop : 8170
pop : 8169
pop : 8168
pop : 8167
pop : 8166
pop : 8165
pop : 8164
pop : 8163
pop : 8162
pop : 8161
pop : 8160
pop : 8159
pop : 8158
pop : 8157
pop : 8156
pop : 8155
pop : 8154
pop : 8153
pop : 8152
pop : 8151
pop : 8150
pop : 8149
pop : 8148
pop : 8147
pop : 8146
pop : 8145
pop : 8144
pop : 8143
pop : 8142
pop : 8141
pop : 8140
pop : 8139
pop : 8138
pop : 8137
pop : 8136
pop : 8135
pop : 8134
pop : 8133
pop : 8132
pop : 8131
pop : 8130
pop : 8129
pop : 8128
pop : 8127
pop : 8126
pop : 8125
pop : 8124
pop : 8123
pop : 8122
pop : 8121
pop : 8120
pop : 8119
pop : 8118
pop : 8117
pop : 8116
pop : 8115
pop : 8114
pop : 8113
pop : 8112
pop : 8111
pop : 8110
pop : 8109
pop : 8108
pop : 8107
pop : 8106
pop : 8105
pop : 8104
pop : 8103
pop : 8102
pop : 8101
pop : 8100
pop : 8099
pop : 8098
pop : 8097
pop : 8096
pop : 8095
pop : 8094
pop : 8093
pop : 8092
pop : 8091
pop : 8090
pop : 8089
pop : 8088
pop : 8087
pop : 8086
pop : 8085
pop : 8084
pop : 8083
pop : 8082
pop : 8081
pop : 8080
pop : 8079
pop : 8078
pop : 8077
pop : 8076
pop : 8075
pop : 8074
pop : 8073
pop : 8072
pop : 8071
pop : 8070
pop : 8069
pop : 8068
pop : 8067
pop : 8066
pop : 8065
pop : 8064
pop : 8063
pop : 8062
pop : 8061
pop : 8060
pop : 8059
pop : 8058
pop : 8057
pop : 8056
pop : 8055
pop : 8054
pop : 8053
pop : 8052
pop : 8051
pop : 8050
pop : 8049
pop : 8048
pop : 8047
pop : 8046
pop : 8045
pop : 8044
pop : 8043
pop : 8042
pop : 8041
pop : 8040
pop : 8039
pop : 8038
pop : 8037
pop : 8036
pop : 8035
pop : 8034
pop : 8033
pop : 8032
pop : 8031
pop : 8030
pop : 8029
pop : 8028
pop : 8027
pop : 8026
pop : 8025
pop : 8024
pop : 8023
pop : 8022
pop : 8021
pop : 8020
pop : 8019
pop : 8018
pop : 8017
pop : 8016
pop : 8015
pop : 8014
pop : 8013
pop : 8012
pop : 8011
pop : 8010
pop : 8009
pop : 8008
pop : 8007
pop : 8006
pop : 8005
pop : 8004
pop : 8003
pop : 8002
pop : 8001
pop : 8000
pop : 7999
pop : 7998
pop : 7997
pop : 7996
pop : 7995
pop : 7994
pop : 7993
pop : 7992
pop : 7991
pop : 7990
pop : 7989
pop : 7988
pop : 7987
pop : 7986
pop : 7985
pop : 7984
pop : 7983
pop : 7982
pop : 7981
pop : 7980
pop : 7979
pop : 7978
pop : 7977
pop : 7976
pop : 7975
pop : 7974
pop : 7973
pop : 7972
pop : 7971
pop : 7970
pop : 7969
pop : 7968
pop : 7967
pop : 7966
pop : 7965
pop : 7964
pop : 7963
pop : 7962
pop : 7961
pop : 7960
pop : 7959
pop : 7958
pop : 7957
pop : 7956
pop : 7955
pop : 7954
pop : 7953
pop : 7952
pop : 7951
pop : 7950
pop : 7949
pop : 7948
pop : 7947
pop : 7946
pop : 7945
pop : 7944
pop : 7943
pop : 7942
pop : 7941
pop : 7940
pop : 7939
pop : 7938
pop : 7937
pop : 7936
pop : 7935
pop : 7934
pop : 7933
pop : 7932
pop : 7931
pop : 7930
pop : 7929
pop : 7928
pop : 7927
pop : 7926
pop : 7925
pop : 7924
pop : 7923
pop : 7922
pop : 7921
pop : 7920
pop : 7919
pop : 7918
pop : 7917
pop : 7916
pop : 7915
pop : 7914
pop : 7913
pop : 7912
pop : 7911
pop : 7910
pop : 7909
pop : 7908
pop : 7907
pop : 7906
pop : 7905
pop : 7904
pop : 7903
pop : 7902
pop : 7901
pop : 7900
pop : 7899
pop : 7898
pop : 7897
pop : 7896
pop : 7895
pop : 7894
pop : 7893
pop : 7892
pop : 7891
pop : 7890
pop : 7889
pop : 7888
pop : 7887
pop : 7886
pop : 7885
pop : 7884
pop : 7883
pop : 7882
pop : 7881
pop : 7880
pop : 7879
pop : 7878
pop : 7877
pop : 7876
pop : 7875
pop : 7874
pop : 7873
pop : 7872
pop : 7871
pop : 7870
pop : 7869
pop : 7868
pop : 7867
pop : 7866
pop : 7865
pop : 7864
pop : 7863
pop : 7862
pop : 7861
pop : 7860
pop : 7859
pop : 7858
pop : 7857
pop : 7856
pop : 7855
pop : 7854
pop : 7853
pop : 7852
pop : 7851
pop : 7850
pop : 7849
pop : 7848
pop : 7847
pop : 7846
pop : 7845
pop : 7844
pop : 7843
pop : 7842
pop : 7841
pop : 7840
pop : 7839
pop : 7838
pop : 7837
pop : 7836
pop : 7835
pop : 7834
pop : 7833
pop : 7832
pop : 7831
pop : 7830
pop : 7829
pop : 7828
pop : 7827
pop : 7826
pop : 7825
pop : 7824
pop : 7823
pop : 7822
pop : 7821
pop : 7820
pop : 7819
pop : 7818
pop : 7817
pop : 7816
pop : 7815
pop : 7814
pop : 7813
pop : 7812
pop : 7811
pop : 7810
pop : 7809
pop : 7808
pop : 7807
pop : 7806
pop : 7805
pop : 7804
pop : 7803
pop : 7802
pop : 7801
pop : 7800
pop : 7799
pop : 7798
pop : 7797
pop : 7796
pop : 7795
pop : 7794
pop : 7793
pop : 7792
pop : 7791
pop : 7790
pop : 7789
pop : 7788
pop : 7787
pop : 7786
pop : 7785
pop : 7784
pop : 7783
pop : 7782
pop : 7781
pop : 7780
pop : 7779
pop : 7778
pop : 7777
pop : 7776
pop : 7775
pop : 7774
pop : 7773
pop : 7772
pop : 7771
pop : 7770
pop : 7769
pop : 7768
pop : 7767
pop : 7766
pop : 7765
pop : 7764
pop : 7763
pop : 7762
pop : 7761
pop : 7760
pop : 7759
pop : 7758
pop : 7757
pop : 7756
pop : 7755
pop : 7754
pop : 7753
pop : 7752
pop : 7751
pop : 7750
pop : 7749
pop : 7748
pop : 7747
pop : 7746
pop : 7745
pop : 7744
pop : 7743
pop : 7742
pop : 7741
pop : 7740
pop : 7739
pop : 7738
pop : 7737
pop : 7736
pop : 7735
pop : 7734
pop : 7733
pop : 7732
pop : 7731
pop : 7730
pop : 7729
pop : 7728
pop : 7727
pop : 7726
pop : 7725
pop : 7724
pop : 7723
pop : 7722
pop : 7721
pop : 7720
pop : 7719
pop : 7718
pop : 7717
pop : 7716
pop : 7715
pop : 7714
pop : 7713
pop : 7712
pop : 7711
pop : 7710
pop : 7709
pop : 7708
pop : 7707
pop : 7706
pop : 7705
pop : 7704
pop : 7703
pop : 7702
pop : 7701
pop : 7700
pop : 7699
pop : 7698
pop : 7697
pop : 7696
pop : 7695
pop : 7694
pop : 7693
pop : 7692
pop : 7691
pop : 7690
pop : 7689
pop : 7688
pop : 7687
pop : 7686
pop : 7685
pop : 7684
pop : 7683
pop : 7682
pop : 7681
pop : 7680
pop : 7679
pop : 7678
pop : 7677
pop : 7676
pop : 7675
pop : 7674
pop : 7673
pop : 7672
pop : 7671
pop : 7670
pop : 7669
pop : 7668
pop : 7667
pop : 7666
pop : 7665
pop : 7664
pop : 7663
pop : 7662
pop : 7661
pop : 7660
pop : 7659
pop : 7658
pop : 7657
pop : 7656
pop : 7655
pop : 7654
pop : 7653
pop : 7652
pop : 7651
pop : 7650
pop : 7649
pop : 7648
pop : 7647
pop : 7646
pop : 7645
pop : 7644
pop : 7643
pop : 7642
pop : 7641
pop : 7640
pop : 7639
pop : 7638
pop : 7637
pop : 7636
pop : 7635
pop : 7634
pop : 7633
pop : 7632
pop : 7631
pop : 7630
pop : 7629
pop : 7628
pop : 7627
pop : 7626
pop : 7625
pop : 7624
pop : 7623
pop : 7622
pop : 7621
pop : 7620
pop : 7619
pop : 7618
pop : 7617
pop : 7616
pop : 7615
pop : 7614
pop : 7613
pop : 7612
pop : 7611
pop : 7610
pop : 7609
pop : 7608
pop : 7607
pop : 7606
pop : 7605
pop : 7604
pop : 7603
pop : 7602
pop : 7601
pop : 7600
pop : 7599
pop : 7598
pop : 7597
pop : 7596
pop : 7595
pop : 7594
pop : 7593
pop : 7592
pop : 7591
pop : 7590
pop : 7589
pop : 7588
pop : 7587
pop : 7586
pop : 7585
pop : 7584
pop : 7583
pop : 7582
pop : 7581
pop : 7580
pop : 7579
pop : 7578
pop : 7577
pop : 7576
pop : 7575
pop : 7574
pop : 7573
pop : 7572
pop : 7571
pop : 7570
pop : 7569
pop : 7568
pop : 7567
pop : 7566
pop : 7565
pop : 7564
pop : 7563
pop : 7562
pop : 7561
pop : 7560
pop : 7559
pop : 7558
pop : 7557
pop : 7556
pop : 7555
pop : 7554
pop : 7553
pop : 7552
pop : 7551
pop : 7550
pop : 7549
pop : 7548
pop : 7547
pop : 7546
pop : 7545
pop : 7544
pop : 7543
pop : 7542
pop : 7541
pop : 7540
pop : 7539
pop : 7538
pop : 7537
pop : 7536
pop : 7535
pop : 7534
pop : 7533
pop : 7532
pop : 7531
pop : 7530
pop : 7529
pop : 7528
pop : 7527
pop : 7526
pop : 7525
pop : 7524
pop : 7523
pop : 7522
pop : 7521
pop : 7520
pop : 7519
pop : 7518
pop : 7517
pop : 7516
pop : 7515
pop : 7514
pop : 7513
pop : 7512
pop : 7511
pop : 7510
pop : 7509
pop : 7508
pop : 7507
pop : 7506
pop : 7505
pop : 7504
pop : 7503
pop : 7502
pop : 7501
pop : 7500
pop : 7499
pop : 7498
pop : 7497
pop : 7496
pop : 7495
pop : 7494
pop : 7493
pop : 7492
pop : 7491
pop : 7490
pop : 7489
pop : 7488
pop : 7487
pop : 7486
pop : 7485
pop : 7484
pop : 7483
pop : 7482
pop : 7481
pop : 7480
pop : 7479
pop : 7478
pop : 7477
pop : 7476
pop : 7475
pop : 7474
pop : 7473
pop : 7472
pop : 7471
pop : 7470
pop : 7469
pop : 7468
pop : 7467
pop : 7466
pop : 7465
pop : 7464
pop : 7463
pop : 7462
pop : 7461
pop : 7460
pop : 7459
pop : 7458
pop : 7457
pop : 7456
pop : 7455
pop : 7454
pop : 7453
pop : 7452
pop : 7451
pop : 7450
pop : 7449
pop : 7448
pop : 7447
pop : 7446
pop : 7445
pop : 7444
pop : 7443
pop : 7442
pop : 7441
pop : 7440
pop : 7439
pop : 7438
pop : 7437
pop : 7436
pop : 7435
pop : 7434
pop : 7433
pop : 7432
pop : 7431
pop : 7430
pop : 7429
pop : 7428
pop : 7427
pop : 7426
pop : 7425
pop : 7424
pop : 7423
pop : 7422
pop : 7421
pop : 7420
pop : 7419
pop : 7418
pop : 7417
pop : 7416
pop : 7415
pop : 7414
pop : 7413
pop : 7412
pop : 7411
pop : 7410
pop : 7409
pop : 7408
pop : 7407
pop : 7406
pop : 7405
pop : 7404
pop : 7403
pop : 7402
pop : 7401
pop : 7400
pop : 7399
pop : 7398
pop : 7397
pop : 7396
pop : 7395
pop : 7394
pop : 7393
pop : 7392
pop : 7391
pop : 7390
pop : 7389
pop : 7388
pop : 7387
pop : 7386
pop : 7385
pop : 7384
pop : 7383
pop : 7382
pop : 7381
pop : 7380
pop : 7379
pop : 7378
pop : 7377
pop : 7376
pop : 7375
pop : 7374
pop : 7373
pop : 7372
pop : 7371
pop : 7370
pop : 7369
pop : 7368
pop : 7367
pop : 7366
pop : 7365
pop : 7364
pop : 7363
pop : 7362
pop : 7361
pop : 7360
pop : 7359
pop : 7358
pop : 7357
pop : 7356
pop : 7355
pop : 7354
pop : 7353
pop : 7352
pop : 7351
pop : 7350
pop : 7349
pop : 7348
pop : 7347
pop : 7346
pop : 7345
pop : 7344
pop : 7343
pop : 7342
pop : 7341
pop : 7340
pop : 7339
pop : 7338
pop : 7337
pop : 7336
pop : 7335
pop : 7334
pop : 7333
pop : 7332
pop : 7331
pop : 7330
pop : 7329
pop : 7328
pop : 7327
pop : 7326
pop : 7325
pop : 7324
pop : 7323
pop : 7322
pop : 7321
pop : 7320
pop : 7319
pop : 7318
pop : 7317
pop : 7316
pop : 7315
pop : 7314
pop : 7313
pop : 7312
pop : 7311
pop : 7310
pop : 7309
pop : 7308
pop : 7307
pop : 7306
pop : 7305
pop : 7304
pop : 7303
pop : 7302
pop : 7301
pop : 7300
pop : 7299
pop : 7298
pop : 7297
pop : 7296
pop : 7295
pop : 7294
pop : 7293
pop : 7292
pop : 7291
pop : 7290
pop : 7289
pop : 7288
pop : 7287
pop : 7286
pop : 7285
pop : 7284
pop : 7283
pop : 7282
pop : 7281
pop : 7280
pop : 7279
pop : 7278
pop : 7277
pop : 7276
pop : 7275
pop : 7274
pop : 7273
pop : 7272
pop : 7271
pop : 7270
pop : 7269
pop : 7268
pop : 7267
pop : 7266
pop : 7265
pop : 7264
pop : 7263
pop : 7262
pop : 7261
pop : 7260
pop : 7259
pop : 7258
pop : 7257
pop : 7256
pop : 7255
pop : 7254
pop : 7253
pop : 7252
pop : 7251
pop : 7250
pop : 7249
pop : 7248
pop : 7247
pop : 7246
pop : 7245
pop : 7244
pop : 7243
pop : 7242
pop : 7241
pop : 7240
pop : 7239
pop : 7238
pop : 7237
pop : 7236
pop : 7235
pop : 7234
pop : 7233
pop : 7232
pop : 7231
pop : 7230
pop : 7229
pop : 7228
pop : 7227
pop : 7226
pop : 7225
pop : 7224
pop : 7223
pop : 7222
pop : 7221
pop : 7220
pop : 7219
pop : 7218
pop : 7217
pop : 7216
pop : 7215
pop : 7214
pop : 7213
pop : 7212
pop : 7211
pop : 7210
pop : 7209
pop : 7208
pop : 7207
pop : 7206
pop : 7205
pop : 7204
pop : 7203
pop : 7202
pop : 7201
pop : 7200
pop : 7199
pop : 7198
pop : 7197
pop : 7196
pop : 7195
pop : 7194
pop : 7193
pop : 7192
pop : 7191
pop : 7190
pop : 7189
pop : 7188
pop : 7187
pop : 7186
pop : 7185
pop : 7184
pop : 7183
pop : 7182
pop : 7181
pop : 7180
pop : 7179
pop : 7178
pop : 7177
pop : 7176
pop : 7175
pop : 7174
pop : 7173
pop : 7172
pop : 7171
pop : 7170
pop : 7169
pop : 7168
pop : 7167
pop : 7166
pop : 7165
pop : 7164
pop : 7163
pop : 7162
pop : 7161
pop : 7160
pop : 7159
pop : 7158
pop : 7157
pop : 7156
pop : 7155
pop : 7154
pop : 7153
pop : 7152
pop : 7151
pop : 7150
pop : 7149
pop : 7148
pop : 7147
pop : 7146
pop : 7145
pop : 7144
pop : 7143
pop : 7142
pop : 7141
pop : 7140
pop : 7139
pop : 7138
pop : 7137
pop : 7136
pop : 7135
pop : 7134
pop : 7133
pop : 7132
pop : 7131
pop : 7130
pop : 7129
pop : 7128
pop : 7127
pop : 7126
pop : 7125
pop : 7124
pop : 7123
pop : 7122
pop : 7121
pop : 7120
pop : 7119
pop : 7118
pop : 7117
pop : 7116
pop : 7115
pop : 7114
pop : 7113
pop : 7112
pop : 7111
pop : 7110
pop : 7109
pop : 7108
pop : 7107
pop : 7106
pop : 7105
pop : 7104
pop : 7103
pop : 7102
pop : 7101
pop : 7100
pop : 7099
pop : 7098
pop : 7097
pop : 7096
pop : 7095
pop : 7094
pop : 7093
pop : 7092
pop : 7091
pop : 7090
pop : 7089
pop : 7088
pop : 7087
pop : 7086
pop : 7085
pop : 7084
pop : 7083
pop : 7082
pop : 7081
pop : 7080
pop : 7079
pop : 7078
pop : 7077
pop : 7076
pop : 7075
pop : 7074
pop : 7073
pop : 7072
pop : 7071
pop : 7070
pop : 7069
pop : 7068
pop : 7067
pop : 7066
pop : 7065
pop : 7064
pop : 7063
pop : 7062
pop : 7061
pop : 7060
pop : 7059
pop : 7058
pop : 7057
pop : 7056
pop : 7055
pop : 7054
pop : 7053
pop : 7052
pop : 7051
pop : 7050
pop : 7049
pop : 7048
pop : 7047
pop : 7046
pop : 7045
pop : 7044
pop : 7043
pop : 7042
pop : 7041
pop : 7040
pop : 7039
pop : 7038
pop : 7037
pop : 7036
pop : 7035
pop : 7034
pop : 7033
pop : 7032
pop : 7031
pop : 7030
pop : 7029
pop : 7028
pop : 7027
pop : 7026
pop : 7025
pop : 7024
pop : 7023
pop : 7022
pop : 7021
pop : 7020
pop : 7019
pop : 7018
pop : 7017
pop : 7016
pop : 7015
pop : 7014
pop : 7013
pop : 7012
pop : 7011
pop : 7010
pop : 7009
pop : 7008
pop : 7007
pop : 7006
pop : 7005
pop : 7004
pop : 7003
pop : 7002
pop : 7001
pop : 7000
pop : 6999
pop : 6998
pop : 6997
pop : 6996
pop : 6995
pop : 6994
pop : 6993
pop : 6992
pop : 6991
pop : 6990
pop : 6989
pop : 6988
pop : 6987
pop : 6986
pop : 6985
pop : 6984
pop : 6983
pop : 6982
pop : 6981
pop : 6980
pop : 6979
pop : 6978
pop : 6977
pop : 6976
pop : 6975
pop : 6974
pop : 6973
pop : 6972
pop : 6971
pop : 6970
pop : 6969
pop : 6968
pop : 6967
pop : 6966
pop : 6965
pop : 6964
pop : 6963
pop : 6962
pop : 6961
pop : 6960
pop : 6959
pop : 6958
pop : 6957
pop : 6956
pop : 6955
pop : 6954
pop : 6953
pop : 6952
pop : 6951
pop : 6950
pop : 6949
pop : 6948
pop : 6947
pop : 6946
pop : 6945
pop : 6944
pop : 6943
pop : 6942
pop : 6941
pop : 6940
pop : 6939
pop : 6938
pop : 6937
pop : 6936
pop : 6935
pop : 6934
pop : 6933
pop : 6932
pop : 6931
pop : 6930
pop : 6929
pop : 6928
pop : 6927
pop : 6926
pop : 6925
pop : 6924
pop : 6923
pop : 6922
pop : 6921
pop : 6920
pop : 6919
pop : 6918
pop : 6917
pop : 6916
pop : 6915
pop : 6914
pop : 6913
pop : 6912
pop : 6911
pop : 6910
pop : 6909
pop : 6908
pop : 6907
pop : 6906
pop : 6905
pop : 6904
pop : 6903
pop : 6902
pop : 6901
pop : 6900
pop : 6899
pop : 6898
pop : 6897
pop : 6896
pop : 6895
pop : 6894
pop : 6893
pop : 6892
pop : 6891
pop : 6890
pop : 6889
pop : 6888
pop : 6887
pop : 6886
pop : 6885
pop : 6884
pop : 6883
pop : 6882
pop : 6881
pop : 6880
pop : 6879
pop : 6878
pop : 6877
pop : 6876
pop : 6875
pop : 6874
pop : 6873
pop : 6872
pop : 6871
pop : 6870
pop : 6869
pop : 6868
pop : 6867
pop : 6866
pop : 6865
pop : 6864
pop : 6863
pop : 6862
pop : 6861
pop : 6860
pop : 6859
pop : 6858
pop : 6857
pop : 6856
pop : 6855
pop : 6854
pop : 6853
pop : 6852
pop : 6851
pop : 6850
pop : 6849
pop : 6848
pop : 6847
pop : 6846
pop : 6845
pop : 6844
pop : 6843
pop : 6842
pop : 6841
pop : 6840
pop : 6839
pop : 6838
pop : 6837
pop : 6836
pop : 6835
pop : 6834
pop : 6833
pop : 6832
pop : 6831
pop : 6830
pop : 6829
pop : 6828
pop : 6827
pop : 6826
pop : 6825
pop : 6824
pop : 6823
pop : 6822
pop : 6821
pop : 6820
pop : 6819
pop : 6818
pop : 6817
pop : 6816
pop : 6815
pop : 6814
pop : 6813
pop : 6812
pop : 6811
pop : 6810
pop : 6809
pop : 6808
pop : 6807
pop : 6806
pop : 6805
pop : 6804
pop : 6803
pop : 6802
pop : 6801
pop : 6800
pop : 6799
pop : 6798
pop : 6797
pop : 6796
pop : 6795
pop : 6794
pop : 6793
pop : 6792
pop : 6791
pop : 6790
pop : 6789
pop : 6788
pop : 6787
pop : 6786
pop : 6785
pop : 6784
pop : 6783
pop : 6782
pop : 6781
pop : 6780
pop : 6779
pop : 6778
pop : 6777
pop : 6776
pop : 6775
pop : 6774
pop : 6773
pop : 6772
pop : 6771
pop : 6770
pop : 6769
pop : 6768
pop : 6767
pop : 6766
pop : 6765
pop : 6764
pop : 6763
pop : 6762
pop : 6761
pop : 6760
pop : 6759
pop : 6758
pop : 6757
pop : 6756
pop : 6755
pop : 6754
pop : 6753
pop : 6752
pop : 6751
pop : 6750
pop : 6749
pop : 6748
pop : 6747
pop : 6746
pop : 6745
pop : 6744
pop : 6743
pop : 6742
pop : 6741
pop : 6740
pop : 6739
pop : 6738
pop : 6737
pop : 6736
pop : 6735
pop : 6734
pop : 6733
pop : 6732
pop : 6731
pop : 6730
pop : 6729
pop : 6728
pop : 6727
pop : 6726
pop : 6725
pop : 6724
pop : 6723
pop : 6722
pop : 6721
pop : 6720
pop : 6719
pop : 6718
pop : 6717
pop : 6716
pop : 6715
pop : 6714
pop : 6713
pop : 6712
pop : 6711
pop : 6710
pop : 6709
pop : 6708
pop : 6707
pop : 6706
pop : 6705
pop : 6704
pop : 6703
pop : 6702
pop : 6701
pop : 6700
pop : 6699
pop : 6698
pop : 6697
pop : 6696
pop : 6695
pop : 6694
pop : 6693
pop : 6692
pop : 6691
pop : 6690
pop : 6689
pop : 6688
pop : 6687
pop : 6686
pop : 6685
pop : 6684
pop : 6683
pop : 6682
pop : 6681
pop : 6680
pop : 6679
pop : 6678
pop : 6677
pop : 6676
pop : 6675
pop : 6674
pop : 6673
pop : 6672
pop : 6671
pop : 6670
pop : 6669
pop : 6668
pop : 6667
pop : 6666
pop : 6665
pop : 6664
pop : 6663
pop : 6662
pop : 6661
pop : 6660
pop : 6659
pop : 6658
pop : 6657
pop : 6656
pop : 6655
pop : 6654
pop : 6653
pop : 6652
pop : 6651
pop : 6650
pop : 6649
pop : 6648
pop : 6647
pop : 6646
pop : 6645
pop : 6644
pop : 6643
pop : 6642
pop : 6641
pop : 6640
pop : 6639
pop : 6638
pop : 6637
pop : 6636
pop : 6635
pop : 6634
pop : 6633
pop : 6632
pop : 6631
pop : 6630
pop : 6629
pop : 6628
pop : 6627
pop : 6626
pop : 6625
pop : 6624
pop : 6623
pop : 6622
pop : 6621
pop : 6620
pop : 6619
pop : 6618
pop : 6617
pop : 6616
pop : 6615
pop : 6614
pop : 6613
pop : 6612
pop : 6611
pop : 6610
pop : 6609
pop : 6608
pop : 6607
pop : 6606
pop : 6605
pop : 6604
pop : 6603
pop : 6602
pop : 6601
pop : 6600
pop : 6599
pop : 6598
pop : 6597
pop : 6596
pop : 6595
pop : 6594
pop : 6593
pop : 6592
pop : 6591
pop : 6590
pop : 6589
pop : 6588
pop : 6587
pop : 6586
pop : 6585
pop : 6584
pop : 6583
pop : 6582
pop : 6581
pop : 6580
pop : 6579
pop : 6578
pop : 6577
pop : 6576
pop : 6575
pop : 6574
pop : 6573
pop : 6572
pop : 6571
pop : 6570
pop : 6569
pop : 6568
pop : 6567
pop : 6566
pop : 6565
pop : 6564
pop : 6563
pop : 6562
pop : 6561
pop : 6560
pop : 6559
pop : 6558
pop : 6557
pop : 6556
pop : 6555
pop : 6554
pop : 6553
pop : 6552
pop : 6551
pop : 6550
pop : 6549
pop : 6548
pop : 6547
pop : 6546
pop : 6545
pop : 6544
pop : 6543
pop : 6542
pop : 6541
pop : 6540
pop : 6539
pop : 6538
pop : 6537
pop : 6536
pop : 6535
pop : 6534
pop : 6533
pop : 6532
pop : 6531
pop : 6530
pop : 6529
pop : 6528
pop : 6527
pop : 6526
pop : 6525
pop : 6524
pop : 6523
pop : 6522
pop : 6521
pop : 6520
pop : 6519
pop : 6518
pop : 6517
pop : 6516
pop : 6515
pop : 6514
pop : 6513
pop : 6512
pop : 6511
pop : 6510
pop : 6509
pop : 6508
pop : 6507
pop : 6506
pop : 6505
pop : 6504
pop : 6503
pop : 6502
pop : 6501
pop : 6500
pop : 6499
pop : 6498
pop : 6497
pop : 6496
pop : 6495
pop : 6494
pop : 6493
pop : 6492
pop : 6491
pop : 6490
pop : 6489
pop : 6488
pop : 6487
pop : 6486
pop : 6485
pop : 6484
pop : 6483
pop : 6482
pop : 6481
pop : 6480
pop : 6479
pop : 6478
pop : 6477
pop : 6476
pop : 6475
pop : 6474
pop : 6473
pop : 6472
pop : 6471
pop : 6470
pop : 6469
pop : 6468
pop : 6467
pop : 6466
pop : 6465
pop : 6464
pop : 6463
pop : 6462
pop : 6461
pop : 6460
pop : 6459
pop : 6458
pop : 6457
pop : 6456
pop : 6455
pop : 6454
pop : 6453
pop : 6452
pop : 6451
pop : 6450
pop : 6449
pop : 6448
pop : 6447
pop : 6446
pop : 6445
pop : 6444
pop : 6443
pop : 6442
pop : 6441
pop : 6440
pop : 6439
pop : 6438
pop : 6437
pop : 6436
pop : 6435
pop : 6434
pop : 6433
pop : 6432
pop : 6431
pop : 6430
pop : 6429
pop : 6428
pop : 6427
pop : 6426
pop : 6425
pop : 6424
pop : 6423
pop : 6422
pop : 6421
pop : 6420
pop : 6419
pop : 6418
pop : 6417
pop : 6416
pop : 6415
pop : 6414
pop : 6413
pop : 6412
pop : 6411
pop : 6410
pop : 6409
pop : 6408
pop : 6407
pop : 6406
pop : 6405
pop : 6404
pop : 6403
pop : 6402
pop : 6401
pop : 6400
pop : 6399
pop : 6398
pop : 6397
pop : 6396
pop : 6395
pop : 6394
pop : 6393
pop : 6392
pop : 6391
pop : 6390
pop : 6389
pop : 6388
pop : 6387
pop : 6386
pop : 6385
pop : 6384
pop : 6383
pop : 6382
pop : 6381
pop : 6380
pop : 6379
pop : 6378
pop : 6377
pop : 6376
pop : 6375
pop : 6374
pop : 6373
pop : 6372
pop : 6371
pop : 6370
pop : 6369
pop : 6368
pop : 6367
pop : 6366
pop : 6365
pop : 6364
pop : 6363
pop : 6362
pop : 6361
pop : 6360
pop : 6359
pop : 6358
pop : 6357
pop : 6356
pop : 6355
pop : 6354
pop : 6353
pop : 6352
pop : 6351
pop : 6350
pop : 6349
pop : 6348
pop : 6347
pop : 6346
pop : 6345
pop : 6344
pop : 6343
pop : 6342
pop : 6341
pop : 6340
pop : 6339
pop : 6338
pop : 6337
pop : 6336
pop : 6335
pop : 6334
pop : 6333
pop : 6332
pop : 6331
pop : 6330
pop : 6329
pop : 6328
pop : 6327
pop : 6326
pop : 6325
pop : 6324
pop : 6323
pop : 6322
pop : 6321
pop : 6320
pop : 6319
pop : 6318
pop : 6317
pop : 6316
pop : 6315
pop : 6314
pop : 6313
pop : 6312
pop : 6311
pop : 6310
pop : 6309
pop : 6308
pop : 6307
pop : 6306
pop : 6305
pop : 6304
pop : 6303
pop : 6302
pop : 6301
pop : 6300
pop : 6299
pop : 6298
pop : 6297
pop : 6296
pop : 6295
pop : 6294
pop : 6293
pop : 6292
pop : 6291
pop : 6290
pop : 6289
pop : 6288
pop : 6287
pop : 6286
pop : 6285
pop : 6284
pop : 6283
pop : 6282
pop : 6281
pop : 6280
pop : 6279
pop : 6278
pop : 6277
pop : 6276
pop : 6275
pop : 6274
pop : 6273
pop : 6272
pop : 6271
pop : 6270
pop : 6269
pop : 6268
pop : 6267
pop : 6266
pop : 6265
pop : 6264
pop : 6263
pop : 6262
pop : 6261
pop : 6260
pop : 6259
pop : 6258
pop : 6257
pop : 6256
pop : 6255
pop : 6254
pop : 6253
pop : 6252
pop : 6251
pop : 6250
pop : 6249
pop : 6248
pop : 6247
pop : 6246
pop : 6245
pop : 6244
pop : 6243
pop : 6242
pop : 6241
pop : 6240
pop : 6239
pop : 6238
pop : 6237
pop : 6236
pop : 6235
pop : 6234
pop : 6233
pop : 6232
pop : 6231
pop : 6230
pop : 6229
pop : 6228
pop : 6227
pop : 6226
pop : 6225
pop : 6224
pop : 6223
pop : 6222
pop : 6221
pop : 6220
pop : 6219
pop : 6218
pop : 6217
pop : 6216
pop : 6215
pop : 6214
pop : 6213
pop : 6212
pop : 6211
pop : 6210
pop : 6209
pop : 6208
pop : 6207
pop : 6206
pop : 6205
pop : 6204
pop : 6203
pop : 6202
pop : 6201
pop : 6200
pop : 6199
pop : 6198
pop : 6197
pop : 6196
pop : 6195
pop : 6194
pop : 6193
pop : 6192
pop : 6191
pop : 6190
pop : 6189
pop : 6188
pop : 6187
pop : 6186
pop : 6185
pop : 6184
pop : 6183
pop : 6182
pop : 6181
pop : 6180
pop : 6179
pop : 6178
pop : 6177
pop : 6176
pop : 6175
pop : 6174
pop : 6173
pop : 6172
pop : 6171
pop : 6170
pop : 6169
pop : 6168
pop : 6167
pop : 6166
pop : 6165
pop : 6164
pop : 6163
pop : 6162
pop : 6161
pop : 6160
pop : 6159
pop : 6158
pop : 6157
pop : 6156
pop : 6155
pop : 6154
pop : 6153
pop : 6152
pop : 6151
pop : 6150
pop : 6149
pop : 6148
pop : 6147
pop : 6146
pop : 6145
pop : 6144
pop : 6143
pop : 6142
pop : 6141
pop : 6140
pop : 6139
pop : 6138
pop : 6137
pop : 6136
pop : 6135
pop : 6134
pop : 6133
pop : 6132
pop : 6131
pop : 6130
pop : 6129
pop : 6128
pop : 6127
pop : 6126
pop : 6125
pop : 6124
pop : 6123
pop : 6122
pop : 6121
pop : 6120
pop : 6119
pop : 6118
pop : 6117
pop : 6116
pop : 6115
pop : 6114
pop : 6113
pop : 6112
pop : 6111
pop : 6110
pop : 6109
pop : 6108
pop : 6107
pop : 6106
pop : 6105
pop : 6104
pop : 6103
pop : 6102
pop : 6101
pop : 6100
pop : 6099
pop : 6098
pop : 6097
pop : 6096
pop : 6095
pop : 6094
pop : 6093
pop : 6092
pop : 6091
pop : 6090
pop : 6089
pop : 6088
pop : 6087
pop : 6086
pop : 6085
pop : 6084
pop : 6083
pop : 6082
pop : 6081
pop : 6080
pop : 6079
pop : 6078
pop : 6077
pop : 6076
pop : 6075
pop : 6074
pop : 6073
pop : 6072
pop : 6071
pop : 6070
pop : 6069
pop : 6068
pop : 6067
pop : 6066
pop : 6065
pop : 6064
pop : 6063
pop : 6062
pop : 6061
pop : 6060
pop : 6059
pop : 6058
pop : 6057
pop : 6056
pop : 6055
pop : 6054
pop : 6053
pop : 6052
pop : 6051
pop : 6050
pop : 6049
pop : 6048
pop : 6047
pop : 6046
pop : 6045
pop : 6044
pop : 6043
pop : 6042
pop : 6041
pop : 6040
pop : 6039
pop : 6038
pop : 6037
pop : 6036
pop : 6035
pop : 6034
pop : 6033
pop : 6032
pop : 6031
pop : 6030
pop : 6029
pop : 6028
pop : 6027
pop : 6026
pop : 6025
pop : 6024
pop : 6023
pop : 6022
pop : 6021
pop : 6020
pop : 6019
pop : 6018
pop : 6017
pop : 6016
pop : 6015
pop : 6014
pop : 6013
pop : 6012
pop : 6011
pop : 6010
pop : 6009
pop : 6008
pop : 6007
pop : 6006
pop : 6005
pop : 6004
pop : 6003
pop : 6002
pop : 6001
pop : 6000
pop : 5999
pop : 5998
pop : 5997
pop : 5996
pop : 5995
pop : 5994
pop : 5993
pop : 5992
pop : 5991
pop : 5990
pop : 5989
pop : 5988
pop : 5987
pop : 5986
pop : 5985
pop : 5984
pop : 5983
pop : 5982
pop : 5981
pop : 5980
pop : 5979
pop : 5978
pop : 5977
pop : 5976
pop : 5975
pop : 5974
pop : 5973
pop : 5972
pop : 5971
pop : 5970
pop : 5969
pop : 5968
pop : 5967
pop : 5966
pop : 5965
pop : 5964
pop : 5963
pop : 5962
pop : 5961
pop : 5960
pop : 5959
pop : 5958
pop : 5957
pop : 5956
pop : 5955
pop : 5954
pop : 5953
pop : 5952
pop : 5951
pop : 5950
pop : 5949
pop : 5948
pop : 5947
pop : 5946
pop : 5945
pop : 5944
pop : 5943
pop : 5942
pop : 5941
pop : 5940
pop : 5939
pop : 5938
pop : 5937
pop : 5936
pop : 5935
pop : 5934
pop : 5933
pop : 5932
pop : 5931
pop : 5930
pop : 5929
pop : 5928
pop : 5927
pop : 5926
pop : 5925
pop : 5924
pop : 5923
pop : 5922
pop : 5921
pop : 5920
pop : 5919
pop : 5918
pop : 5917
pop : 5916
pop : 5915
pop : 5914
pop : 5913
pop : 5912
pop : 5911
pop : 5910
pop : 5909
pop : 5908
pop : 5907
pop : 5906
pop : 5905
pop : 5904
pop : 5903
pop : 5902
pop : 5901
pop : 5900
pop : 5899
pop : 5898
pop : 5897
pop : 5896
pop : 5895
pop : 5894
pop : 5893
pop : 5892
pop : 5891
pop : 5890
pop : 5889
pop : 5888
pop : 5887
pop : 5886
pop : 5885
pop : 5884
pop : 5883
pop : 5882
pop : 5881
pop : 5880
pop : 5879
pop : 5878
pop : 5877
pop : 5876
pop : 5875
pop : 5874
pop : 5873
pop : 5872
pop : 5871
pop : 5870
pop : 5869
pop : 5868
pop : 5867
pop : 5866
pop : 5865
pop : 5864
pop : 5863
pop : 5862
pop : 5861
pop : 5860
pop : 5859
pop : 5858
pop : 5857
pop : 5856
pop : 5855
pop : 5854
pop : 5853
pop : 5852
pop : 5851
pop : 5850
pop : 5849
pop : 5848
pop : 5847
pop : 5846
pop : 5845
pop : 5844
pop : 5843
pop : 5842
pop : 5841
pop : 5840
pop : 5839
pop : 5838
pop : 5837
pop : 5836
pop : 5835
pop : 5834
pop : 5833
pop : 5832
pop : 5831
pop : 5830
pop : 5829
pop : 5828
pop : 5827
pop : 5826
pop : 5825
pop : 5824
pop : 5823
pop : 5822
pop : 5821
pop : 5820
pop : 5819
pop : 5818
pop : 5817
pop : 5816
pop : 5815
pop : 5814
pop : 5813
pop : 5812
pop : 5811
pop : 5810
pop : 5809
pop : 5808
pop : 5807
pop : 5806
pop : 5805
pop : 5804
pop : 5803
pop : 5802
pop : 5801
pop : 5800
pop : 5799
pop : 5798
pop : 5797
pop : 5796
pop : 5795
pop : 5794
pop : 5793
pop : 5792
pop : 5791
pop : 5790
pop : 5789
pop : 5788
pop : 5787
pop : 5786
pop : 5785
pop : 5784
pop : 5783
pop : 5782
pop : 5781
pop : 5780
pop : 5779
pop : 5778
pop : 5777
pop : 5776
pop : 5775
pop : 5774
pop : 5773
pop : 5772
pop : 5771
pop : 5770
pop : 5769
pop : 5768
pop : 5767
pop : 5766
pop : 5765
pop : 5764
pop : 5763
pop : 5762
pop : 5761
pop : 5760
pop : 5759
pop : 5758
pop : 5757
pop : 5756
pop : 5755
pop : 5754
pop : 5753
pop : 5752
pop : 5751
pop : 5750
pop : 5749
pop : 5748
pop : 5747
pop : 5746
pop : 5745
pop : 5744
pop : 5743
pop : 5742
pop : 5741
pop : 5740
pop : 5739
pop : 5738
pop : 5737
pop : 5736
pop : 5735
pop : 5734
pop : 5733
pop : 5732
pop : 5731
pop : 5730
pop : 5729
pop : 5728
pop : 5727
pop : 5726
pop : 5725
pop : 5724
pop : 5723
pop : 5722
pop : 5721
pop : 5720
pop : 5719
pop : 5718
pop : 5717
pop : 5716
pop : 5715
pop : 5714
pop : 5713
pop : 5712
pop : 5711
pop : 5710
pop : 5709
pop : 5708
pop : 5707
pop : 5706
pop : 5705
pop : 5704
pop : 5703
pop : 5702
pop : 5701
pop : 5700
pop : 5699
pop : 5698
pop : 5697
pop : 5696
pop : 5695
pop : 5694
pop : 5693
pop : 5692
pop : 5691
pop : 5690
pop : 5689
pop : 5688
pop : 5687
pop : 5686
pop : 5685
pop : 5684
pop : 5683
pop : 5682
pop : 5681
pop : 5680
pop : 5679
pop : 5678
pop : 5677
pop : 5676
pop : 5675
pop : 5674
pop : 5673
pop : 5672
pop : 5671
pop : 5670
pop : 5669
pop : 5668
pop : 5667
pop : 5666
pop : 5665
pop : 5664
pop : 5663
pop : 5662
pop : 5661
pop : 5660
pop : 5659
pop : 5658
pop : 5657
pop : 5656
pop : 5655
pop : 5654
pop : 5653
pop : 5652
pop : 5651
pop : 5650
pop : 5649
pop : 5648
pop : 5647
pop : 5646
pop : 5645
pop : 5644
pop : 5643
pop : 5642
pop : 5641
pop : 5640
pop : 5639
pop : 5638
pop : 5637
pop : 5636
pop : 5635
pop : 5634
pop : 5633
pop : 5632
pop : 5631
pop : 5630
pop : 5629
pop : 5628
pop : 5627
pop : 5626
pop : 5625
pop : 5624
pop : 5623
pop : 5622
pop : 5621
pop : 5620
pop : 5619
pop : 5618
pop : 5617
pop : 5616
pop : 5615
pop : 5614
pop : 5613
pop : 5612
pop : 5611
pop : 5610
pop : 5609
pop : 5608
pop : 5607
pop : 5606
pop : 5605
pop : 5604
pop : 5603
pop : 5602
pop : 5601
pop : 5600
pop : 5599
pop : 5598
pop : 5597
pop : 5596
pop : 5595
pop : 5594
pop : 5593
pop : 5592
pop : 5591
pop : 5590
pop : 5589
pop : 5588
pop : 5587
pop : 5586
pop : 5585
pop : 5584
pop : 5583
pop : 5582
pop : 5581
pop : 5580
pop : 5579
pop : 5578
pop : 5577
pop : 5576
pop : 5575
pop : 5574
pop : 5573
pop : 5572
pop : 5571
pop : 5570
pop : 5569
pop : 5568
pop : 5567
pop : 5566
pop : 5565
pop : 5564
pop : 5563
pop : 5562
pop : 5561
pop : 5560
pop : 5559
pop : 5558
pop : 5557
pop : 5556
pop : 5555
pop : 5554
pop : 5553
pop : 5552
pop : 5551
pop : 5550
pop : 5549
pop : 5548
pop : 5547
pop : 5546
pop : 5545
pop : 5544
pop : 5543
pop : 5542
pop : 5541
pop : 5540
pop : 5539
pop : 5538
pop : 5537
pop : 5536
pop : 5535
pop : 5534
pop : 5533
pop : 5532
pop : 5531
pop : 5530
pop : 5529
pop : 5528
pop : 5527
pop : 5526
pop : 5525
pop : 5524
pop : 5523
pop : 5522
pop : 5521
pop : 5520
pop : 5519
pop : 5518
pop : 5517
pop : 5516
pop : 5515
pop : 5514
pop : 5513
pop : 5512
pop : 5511
pop : 5510
pop : 5509
pop : 5508
pop : 5507
pop : 5506
pop : 5505
pop : 5504
pop : 5503
pop : 5502
pop : 5501
pop : 5500
pop : 5499
pop : 5498
pop : 5497
pop : 5496
pop : 5495
pop : 5494
pop : 5493
pop : 5492
pop : 5491
pop : 5490
pop : 5489
pop : 5488
pop : 5487
pop : 5486
pop : 5485
pop : 5484
pop : 5483
pop : 5482
pop : 5481
pop : 5480
pop : 5479
pop : 5478
pop : 5477
pop : 5476
pop : 5475
pop : 5474
pop : 5473
pop : 5472
pop : 5471
pop : 5470
pop : 5469
pop : 5468
pop : 5467
pop : 5466
pop : 5465
pop : 5464
pop : 5463
pop : 5462
pop : 5461
pop : 5460
pop : 5459
pop : 5458
pop : 5457
pop : 5456
pop : 5455
pop : 5454
pop : 5453
pop : 5452
pop : 5451
pop : 5450
pop : 5449
pop : 5448
pop : 5447
pop : 5446
pop : 5445
pop : 5444
pop : 5443
pop : 5442
pop : 5441
pop : 5440
pop : 5439
pop : 5438
pop : 5437
pop : 5436
pop : 5435
pop : 5434
pop : 5433
pop : 5432
pop : 5431
pop : 5430
pop : 5429
pop : 5428
pop : 5427
pop : 5426
pop : 5425
pop : 5424
pop : 5423
pop : 5422
pop : 5421
pop : 5420
pop : 5419
pop : 5418
pop : 5417
pop : 5416
pop : 5415
pop : 5414
pop : 5413
pop : 5412
pop : 5411
pop : 5410
pop : 5409
pop : 5408
pop : 5407
pop : 5406
pop : 5405
pop : 5404
pop : 5403
pop : 5402
pop : 5401
pop : 5400
pop : 5399
pop : 5398
pop : 5397
pop : 5396
pop : 5395
pop : 5394
pop : 5393
pop : 5392
pop : 5391
pop : 5390
pop : 5389
pop : 5388
pop : 5387
pop : 5386
pop : 5385
pop : 5384
pop : 5383
pop : 5382
pop : 5381
pop : 5380
pop : 5379
pop : 5378
pop : 5377
pop : 5376
pop : 5375
pop : 5374
pop : 5373
pop : 5372
pop : 5371
pop : 5370
pop : 5369
pop : 5368
pop : 5367
pop : 5366
pop : 5365
pop : 5364
pop : 5363
pop : 5362
pop : 5361
pop : 5360
pop : 5359
pop : 5358
pop : 5357
pop : 5356
pop : 5355
pop : 5354
pop : 5353
pop : 5352
pop : 5351
pop : 5350
pop : 5349
pop : 5348
pop : 5347
pop : 5346
pop : 5345
pop : 5344
pop : 5343
pop : 5342
pop : 5341
pop : 5340
pop : 5339
pop : 5338
pop : 5337
pop : 5336
pop : 5335
pop : 5334
pop : 5333
pop : 5332
pop : 5331
pop : 5330
pop : 5329
pop : 5328
pop : 5327
pop : 5326
pop : 5325
pop : 5324
pop : 5323
pop : 5322
pop : 5321
pop : 5320
pop : 5319
pop : 5318
pop : 5317
pop : 5316
pop : 5315
pop : 5314
pop : 5313
pop : 5312
pop : 5311
pop : 5310
pop : 5309
pop : 5308
pop : 5307
pop : 5306
pop : 5305
pop : 5304
pop : 5303
pop : 5302
pop : 5301
pop : 5300
pop : 5299
pop : 5298
pop : 5297
pop : 5296
pop : 5295
pop : 5294
pop : 5293
pop : 5292
pop : 5291
pop : 5290
pop : 5289
pop : 5288
pop : 5287
pop : 5286
pop : 5285
pop : 5284
pop : 5283
pop : 5282
pop : 5281
pop : 5280
pop : 5279
pop : 5278
pop : 5277
pop : 5276
pop : 5275
pop : 5274
pop : 5273
pop : 5272
pop : 5271
pop : 5270
pop : 5269
pop : 5268
pop : 5267
pop : 5266
pop : 5265
pop : 5264
pop : 5263
pop : 5262
pop : 5261
pop : 5260
pop : 5259
pop : 5258
pop : 5257
pop : 5256
pop : 5255
pop : 5254
pop : 5253
pop : 5252
pop : 5251
pop : 5250
pop : 5249
pop : 5248
pop : 5247
pop : 5246
pop : 5245
pop : 5244
pop : 5243
pop : 5242
pop : 5241
pop : 5240
pop : 5239
pop : 5238
pop : 5237
pop : 5236
pop : 5235
pop : 5234
pop : 5233
pop : 5232
pop : 5231
pop : 5230
pop : 5229
pop : 5228
pop : 5227
pop : 5226
pop : 5225
pop : 5224
pop : 5223
pop : 5222
pop : 5221
pop : 5220
pop : 5219
pop : 5218
pop : 5217
pop : 5216
pop : 5215
pop : 5214
pop : 5213
pop : 5212
pop : 5211
pop : 5210
pop : 5209
pop : 5208
pop : 5207
pop : 5206
pop : 5205
pop : 5204
pop : 5203
pop : 5202
pop : 5201
pop : 5200
pop : 5199
pop : 5198
pop : 5197
pop : 5196
pop : 5195
pop : 5194
pop : 5193
pop : 5192
pop : 5191
pop : 5190
pop : 5189
pop : 5188
pop : 5187
pop : 5186
pop : 5185
pop : 5184
pop : 5183
pop : 5182
pop : 5181
pop : 5180
pop : 5179
pop : 5178
pop : 5177
pop : 5176
pop : 5175
pop : 5174
pop : 5173
pop : 5172
pop : 5171
pop : 5170
pop : 5169
pop : 5168
pop : 5167
pop : 5166
pop : 5165
pop : 5164
pop : 5163
pop : 5162
pop : 5161
pop : 5160
pop : 5159
pop : 5158
pop : 5157
pop : 5156
pop : 5155
pop : 5154
pop : 5153
pop : 5152
pop : 5151
pop : 5150
pop : 5149
pop : 5148
pop : 5147
pop : 5146
pop : 5145
pop : 5144
pop : 5143
pop : 5142
pop : 5141
pop : 5140
pop : 5139
pop : 5138
pop : 5137
pop : 5136
pop : 5135
pop : 5134
pop : 5133
pop : 5132
pop : 5131
pop : 5130
pop : 5129
pop : 5128
pop : 5127
pop : 5126
pop : 5125
pop : 5124
pop : 5123
pop : 5122
pop : 5121
pop : 5120
pop : 5119
pop : 5118
pop : 5117
pop : 5116
pop : 5115
pop : 5114
pop : 5113
pop : 5112
pop : 5111
pop : 5110
pop : 5109
pop : 5108
pop : 5107
pop : 5106
pop : 5105
pop : 5104
pop : 5103
pop : 5102
pop : 5101
pop : 5100
pop : 5099
pop : 5098
pop : 5097
pop : 5096
pop : 5095
pop : 5094
pop : 5093
pop : 5092
pop : 5091
pop : 5090
pop : 5089
pop : 5088
pop : 5087
pop : 5086
pop : 5085
pop : 5084
pop : 5083
pop : 5082
pop : 5081
pop : 5080
pop : 5079
pop : 5078
pop : 5077
pop : 5076
pop : 5075
pop : 5074
pop : 5073
pop : 5072
pop : 5071
pop : 5070
pop : 5069
pop : 5068
pop : 5067
pop : 5066
pop : 5065
pop : 5064
pop : 5063
pop : 5062
pop : 5061
pop : 5060
pop : 5059
pop : 5058
pop : 5057
pop : 5056
pop : 5055
pop : 5054
pop : 5053
pop : 5052
pop : 5051
pop : 5050
pop : 5049
pop : 5048
pop : 5047
pop : 5046
pop : 5045
pop : 5044
pop : 5043
pop : 5042
pop : 5041
pop : 5040
pop : 5039
pop : 5038
pop : 5037
pop : 5036
pop : 5035
pop : 5034
pop : 5033
pop : 5032
pop : 5031
pop : 5030
pop : 5029
pop : 5028
pop : 5027
pop : 5026
pop : 5025
pop : 5024
pop : 5023
pop : 5022
pop : 5021
pop : 5020
pop : 5019
pop : 5018
pop : 5017
pop : 5016
pop : 5015
pop : 5014
pop : 5013
pop : 5012
pop : 5011
pop : 5010
pop : 5009
pop : 5008
pop : 5007
pop : 5006
pop : 5005
pop : 5004
pop : 5003
pop : 5002
pop : 5001
pop : 5000
pop : 4999
pop : 4998
pop : 4997
pop : 4996
pop : 4995
pop : 4994
pop : 4993
pop : 4992
pop : 4991
pop : 4990
pop : 4989
pop : 4988
pop : 4987
pop : 4986
pop : 4985
pop : 4984
pop : 4983
pop : 4982
pop : 4981
pop : 4980
pop : 4979
pop : 4978
pop : 4977
pop : 4976
pop : 4975
pop : 4974
pop : 4973
pop : 4972
pop : 4971
pop : 4970
pop : 4969
pop : 4968
pop : 4967
pop : 4966
pop : 4965
pop : 4964
pop : 4963
pop : 4962
pop : 4961
pop : 4960
pop : 4959
pop : 4958
pop : 4957
pop : 4956
pop : 4955
pop : 4954
pop : 4953
pop : 4952
pop : 4951
pop : 4950
pop : 4949
pop : 4948
pop : 4947
pop : 4946
pop : 4945
pop : 4944
pop : 4943
pop : 4942
pop : 4941
pop : 4940
pop : 4939
pop : 4938
pop : 4937
pop : 4936
pop : 4935
pop : 4934
pop : 4933
pop : 4932
pop : 4931
pop : 4930
pop : 4929
pop : 4928
pop : 4927
pop : 4926
pop : 4925
pop : 4924
pop : 4923
pop : 4922
pop : 4921
pop : 4920
pop : 4919
pop : 4918
pop : 4917
pop : 4916
pop : 4915
pop : 4914
pop : 4913
pop : 4912
pop : 4911
pop : 4910
pop : 4909
pop : 4908
pop : 4907
pop : 4906
pop : 4905
pop : 4904
pop : 4903
pop : 4902
pop : 4901
pop : 4900
pop : 4899
pop : 4898
pop : 4897
pop : 4896
pop : 4895
pop : 4894
pop : 4893
pop : 4892
pop : 4891
pop : 4890
pop : 4889
pop : 4888
pop : 4887
pop : 4886
pop : 4885
pop : 4884
pop : 4883
pop : 4882
pop : 4881
pop : 4880
pop : 4879
pop : 4878
pop : 4877
pop : 4876
pop : 4875
pop : 4874
pop : 4873
pop : 4872
pop : 4871
pop : 4870
pop : 4869
pop : 4868
pop : 4867
pop : 4866
pop : 4865
pop : 4864
pop : 4863
pop : 4862
pop : 4861
pop : 4860
pop : 4859
pop : 4858
pop : 4857
pop : 4856
pop : 4855
pop : 4854
pop : 4853
pop : 4852
pop : 4851
pop : 4850
pop : 4849
pop : 4848
pop : 4847
pop : 4846
pop : 4845
pop : 4844
pop : 4843
pop : 4842
pop : 4841
pop : 4840
pop : 4839
pop : 4838
pop : 4837
pop : 4836
pop : 4835
pop : 4834
pop : 4833
pop : 4832
pop : 4831
pop : 4830
pop : 4829
pop : 4828
pop : 4827
pop : 4826
pop : 4825
pop : 4824
pop : 4823
pop : 4822
pop : 4821
pop : 4820
pop : 4819
pop : 4818
pop : 4817
pop : 4816
pop : 4815
pop : 4814
pop : 4813
pop : 4812
pop : 4811
pop : 4810
pop : 4809
pop : 4808
pop : 4807
pop : 4806
pop : 4805
pop : 4804
pop : 4803
pop : 4802
pop : 4801
pop : 4800
pop : 4799
pop : 4798
pop : 4797
pop : 4796
pop : 4795
pop : 4794
pop : 4793
pop : 4792
pop : 4791
pop : 4790
pop : 4789
pop : 4788
pop : 4787
pop : 4786
pop : 4785
pop : 4784
pop : 4783
pop : 4782
pop : 4781
pop : 4780
pop : 4779
pop : 4778
pop : 4777
pop : 4776
pop : 4775
pop : 4774
pop : 4773
pop : 4772
pop : 4771
pop : 4770
pop : 4769
pop : 4768
pop : 4767
pop : 4766
pop : 4765
pop : 4764
pop : 4763
pop : 4762
pop : 4761
pop : 4760
pop : 4759
pop : 4758
pop : 4757
pop : 4756
pop : 4755
pop : 4754
pop : 4753
pop : 4752
pop : 4751
pop : 4750
pop : 4749
pop : 4748
pop : 4747
pop : 4746
pop : 4745
pop : 4744
pop : 4743
pop : 4742
pop : 4741
pop : 4740
pop : 4739
pop : 4738
pop : 4737
pop : 4736
pop : 4735
pop : 4734
pop : 4733
pop : 4732
pop : 4731
pop : 4730
pop : 4729
pop : 4728
pop : 4727
pop : 4726
pop : 4725
pop : 4724
pop : 4723
pop : 4722
pop : 4721
pop : 4720
pop : 4719
pop : 4718
pop : 4717
pop : 4716
pop : 4715
pop : 4714
pop : 4713
pop : 4712
pop : 4711
pop : 4710
pop : 4709
pop : 4708
pop : 4707
pop : 4706
pop : 4705
pop : 4704
pop : 4703
pop : 4702
pop : 4701
pop : 4700
pop : 4699
pop : 4698
pop : 4697
pop : 4696
pop : 4695
pop : 4694
pop : 4693
pop : 4692
pop : 4691
pop : 4690
pop : 4689
pop : 4688
pop : 4687
pop : 4686
pop : 4685
pop : 4684
pop : 4683
pop : 4682
pop : 4681
pop : 4680
pop : 4679
pop : 4678
pop : 4677
pop : 4676
pop : 4675
pop : 4674
pop : 4673
pop : 4672
pop : 4671
pop : 4670
pop : 4669
pop : 4668
pop : 4667
pop : 4666
pop : 4665
pop : 4664
pop : 4663
pop : 4662
pop : 4661
pop : 4660
pop : 4659
pop : 4658
pop : 4657
pop : 4656
pop : 4655
pop : 4654
pop : 4653
pop : 4652
pop : 4651
pop : 4650
pop : 4649
pop : 4648
pop : 4647
pop : 4646
pop : 4645
pop : 4644
pop : 4643
pop : 4642
pop : 4641
pop : 4640
pop : 4639
pop : 4638
pop : 4637
pop : 4636
pop : 4635
pop : 4634
pop : 4633
pop : 4632
pop : 4631
pop : 4630
pop : 4629
pop : 4628
pop : 4627
pop : 4626
pop : 4625
pop : 4624
pop : 4623
pop : 4622
pop : 4621
pop : 4620
pop : 4619
pop : 4618
pop : 4617
pop : 4616
pop : 4615
pop : 4614
pop : 4613
pop : 4612
pop : 4611
pop : 4610
pop : 4609
pop : 4608
pop : 4607
pop : 4606
pop : 4605
pop : 4604
pop : 4603
pop : 4602
pop : 4601
pop : 4600
pop : 4599
pop : 4598
pop : 4597
pop : 4596
pop : 4595
pop : 4594
pop : 4593
pop : 4592
pop : 4591
pop : 4590
pop : 4589
pop : 4588
pop : 4587
pop : 4586
pop : 4585
pop : 4584
pop : 4583
pop : 4582
pop : 4581
pop : 4580
pop : 4579
pop : 4578
pop : 4577
pop : 4576
pop : 4575
pop : 4574
pop : 4573
pop : 4572
pop : 4571
pop : 4570
pop : 4569
pop : 4568
pop : 4567
pop : 4566
pop : 4565
pop : 4564
pop : 4563
pop : 4562
pop : 4561
pop : 4560
pop : 4559
pop : 4558
pop : 4557
pop : 4556
pop : 4555
pop : 4554
pop : 4553
pop : 4552
pop : 4551
pop : 4550
pop : 4549
pop : 4548
pop : 4547
pop : 4546
pop : 4545
pop : 4544
pop : 4543
pop : 4542
pop : 4541
pop : 4540
pop : 4539
pop : 4538
pop : 4537
pop : 4536
pop : 4535
pop : 4534
pop : 4533
pop : 4532
pop : 4531
pop : 4530
pop : 4529
pop : 4528
pop : 4527
pop : 4526
pop : 4525
pop : 4524
pop : 4523
pop : 4522
pop : 4521
pop : 4520
pop : 4519
pop : 4518
pop : 4517
pop : 4516
pop : 4515
pop : 4514
pop : 4513
pop : 4512
pop : 4511
pop : 4510
pop : 4509
pop : 4508
pop : 4507
pop : 4506
pop : 4505
pop : 4504
pop : 4503
pop : 4502
pop : 4501
pop : 4500
pop : 4499
pop : 4498
pop : 4497
pop : 4496
pop : 4495
pop : 4494
pop : 4493
pop : 4492
pop : 4491
pop : 4490
pop : 4489
pop : 4488
pop : 4487
pop : 4486
pop : 4485
pop : 4484
pop : 4483
pop : 4482
pop : 4481
pop : 4480
pop : 4479
pop : 4478
pop : 4477
pop : 4476
pop : 4475
pop : 4474
pop : 4473
pop : 4472
pop : 4471
pop : 4470
pop : 4469
pop : 4468
pop : 4467
pop : 4466
pop : 4465
pop : 4464
pop : 4463
pop : 4462
pop : 4461
pop : 4460
pop : 4459
pop : 4458
pop : 4457
pop : 4456
pop : 4455
pop : 4454
pop : 4453
pop : 4452
pop : 4451
pop : 4450
pop : 4449
pop : 4448
pop : 4447
pop : 4446
pop : 4445
pop : 4444
pop : 4443
pop : 4442
pop : 4441
pop : 4440
pop : 4439
pop : 4438
pop : 4437
pop : 4436
pop : 4435
pop : 4434
pop : 4433
pop : 4432
pop : 4431
pop : 4430
pop : 4429
pop : 4428
pop : 4427
pop : 4426
pop : 4425
pop : 4424
pop : 4423
pop : 4422
pop : 4421
pop : 4420
pop : 4419
pop : 4418
pop : 4417
pop : 4416
pop : 4415
pop : 4414
pop : 4413
pop : 4412
pop : 4411
pop : 4410
pop : 4409
pop : 4408
pop : 4407
pop : 4406
pop : 4405
pop : 4404
pop : 4403
pop : 4402
pop : 4401
pop : 4400
pop : 4399
pop : 4398
pop : 4397
pop : 4396
pop : 4395
pop : 4394
pop : 4393
pop : 4392
pop : 4391
pop : 4390
pop : 4389
pop : 4388
pop : 4387
pop : 4386
pop : 4385
pop : 4384
pop : 4383
pop : 4382
pop : 4381
pop : 4380
pop : 4379
pop : 4378
pop : 4377
pop : 4376
pop : 4375
pop : 4374
pop : 4373
pop : 4372
pop : 4371
pop : 4370
pop : 4369
pop : 4368
pop : 4367
pop : 4366
pop : 4365
pop : 4364
pop : 4363
pop : 4362
pop : 4361
pop : 4360
pop : 4359
pop : 4358
pop : 4357
pop : 4356
pop : 4355
pop : 4354
pop : 4353
pop : 4352
pop : 4351
pop : 4350
pop : 4349
pop : 4348
pop : 4347
pop : 4346
pop : 4345
pop : 4344
pop : 4343
pop : 4342
pop : 4341
pop : 4340
pop : 4339
pop : 4338
pop : 4337
pop : 4336
pop : 4335
pop : 4334
pop : 4333
pop : 4332
pop : 4331
pop : 4330
pop : 4329
pop : 4328
pop : 4327
pop : 4326
pop : 4325
pop : 4324
pop : 4323
pop : 4322
pop : 4321
pop : 4320
pop : 4319
pop : 4318
pop : 4317
pop : 4316
pop : 4315
pop : 4314
pop : 4313
pop : 4312
pop : 4311
pop : 4310
pop : 4309
pop : 4308
pop : 4307
pop : 4306
pop : 4305
pop : 4304
pop : 4303
pop : 4302
pop : 4301
pop : 4300
pop : 4299
pop : 4298
pop : 4297
pop : 4296
pop : 4295
pop : 4294
pop : 4293
pop : 4292
pop : 4291
pop : 4290
pop : 4289
pop : 4288
pop : 4287
pop : 4286
pop : 4285
pop : 4284
pop : 4283
pop : 4282
pop : 4281
pop : 4280
pop : 4279
pop : 4278
pop : 4277
pop : 4276
pop : 4275
pop : 4274
pop : 4273
pop : 4272
pop : 4271
pop : 4270
pop : 4269
pop : 4268
pop : 4267
pop : 4266
pop : 4265
pop : 4264
pop : 4263
pop : 4262
pop : 4261
pop : 4260
pop : 4259
pop : 4258
pop : 4257
pop : 4256
pop : 4255
pop : 4254
pop : 4253
pop : 4252
pop : 4251
pop : 4250
pop : 4249
pop : 4248
pop : 4247
pop : 4246
pop : 4245
pop : 4244
pop : 4243
pop : 4242
pop : 4241
pop : 4240
pop : 4239
pop : 4238
pop : 4237
pop : 4236
pop : 4235
pop : 4234
pop : 4233
pop : 4232
pop : 4231
pop : 4230
pop : 4229
pop : 4228
pop : 4227
pop : 4226
pop : 4225
pop : 4224
pop : 4223
pop : 4222
pop : 4221
pop : 4220
pop : 4219
pop : 4218
pop : 4217
pop : 4216
pop : 4215
pop : 4214
pop : 4213
pop : 4212
pop : 4211
pop : 4210
pop : 4209
pop : 4208
pop : 4207
pop : 4206
pop : 4205
pop : 4204
pop : 4203
pop : 4202
pop : 4201
pop : 4200
pop : 4199
pop : 4198
pop : 4197
pop : 4196
pop : 4195
pop : 4194
pop : 4193
pop : 4192
pop : 4191
pop : 4190
pop : 4189
pop : 4188
pop : 4187
pop : 4186
pop : 4185
pop : 4184
pop : 4183
pop : 4182
pop : 4181
pop : 4180
pop : 4179
pop : 4178
pop : 4177
pop : 4176
pop : 4175
pop : 4174
pop : 4173
pop : 4172
pop : 4171
pop : 4170
pop : 4169
pop : 4168
pop : 4167
pop : 4166
pop : 4165
pop : 4164
pop : 4163
pop : 4162
pop : 4161
pop : 4160
pop : 4159
pop : 4158
pop : 4157
pop : 4156
pop : 4155
pop : 4154
pop : 4153
pop : 4152
pop : 4151
pop : 4150
pop : 4149
pop : 4148
pop : 4147
pop : 4146
pop : 4145
pop : 4144
pop : 4143
pop : 4142
pop : 4141
pop : 4140
pop : 4139
pop : 4138
pop : 4137
pop : 4136
pop : 4135
pop : 4134
pop : 4133
pop : 4132
pop : 4131
pop : 4130
pop : 4129
pop : 4128
pop : 4127
pop : 4126
pop : 4125
pop : 4124
pop : 4123
pop : 4122
pop : 4121
pop : 4120
pop : 4119
pop : 4118
pop : 4117
pop : 4116
pop : 4115
pop : 4114
pop : 4113
pop : 4112
pop : 4111
pop : 4110
pop : 4109
pop : 4108
pop : 4107
pop : 4106
pop : 4105
pop : 4104
pop : 4103
pop : 4102
pop : 4101
pop : 4100
pop : 4099
pop : 4098
pop : 4097
pop : 4096
pop : 4095
pop : 4094
pop : 4093
pop : 4092
pop : 4091
pop : 4090
pop : 4089
pop : 4088
pop : 4087
pop : 4086
pop : 4085
pop : 4084
pop : 4083
pop : 4082
pop : 4081
pop : 4080
pop : 4079
pop : 4078
pop : 4077
pop : 4076
pop : 4075
pop : 4074
pop : 4073
pop : 4072
pop : 4071
pop : 4070
pop : 4069
pop : 4068
pop : 4067
pop : 4066
pop : 4065
pop : 4064
pop : 4063
pop : 4062
pop : 4061
pop : 4060
pop : 4059
pop : 4058
pop : 4057
pop : 4056
pop : 4055
pop : 4054
pop : 4053
pop : 4052
pop : 4051
pop : 4050
pop : 4049
pop : 4048
pop : 4047
pop : 4046
pop : 4045
pop : 4044
pop : 4043
pop : 4042
pop : 4041
pop : 4040
pop : 4039
pop : 4038
pop : 4037
pop : 4036
pop : 4035
pop : 4034
pop : 4033
pop : 4032
pop : 4031
pop : 4030
pop : 4029
pop : 4028
pop : 4027
pop : 4026
pop : 4025
pop : 4024
pop : 4023
pop : 4022
pop : 4021
pop : 4020
pop : 4019
pop : 4018
pop : 4017
pop : 4016
pop : 4015
pop : 4014
pop : 4013
pop : 4012
pop : 4011
pop : 4010
pop : 4009
pop : 4008
pop : 4007
pop : 4006
pop : 4005
pop : 4004
pop : 4003
pop : 4002
pop : 4001
pop : 4000
pop : 3999
pop : 3998
pop : 3997
pop : 3996
pop : 3995
pop : 3994
pop : 3993
pop : 3992
pop : 3991
pop : 3990
pop : 3989
pop : 3988
pop : 3987
pop : 3986
pop : 3985
pop : 3984
pop : 3983
pop : 3982
pop : 3981
pop : 3980
pop : 3979
pop : 3978
pop : 3977
pop : 3976
pop : 3975
pop : 3974
pop : 3973
pop : 3972
pop : 3971
pop : 3970
pop : 3969
pop : 3968
pop : 3967
pop : 3966
pop : 3965
pop : 3964
pop : 3963
pop : 3962
pop : 3961
pop : 3960
pop : 3959
pop : 3958
pop : 3957
pop : 3956
pop : 3955
pop : 3954
pop : 3953
pop : 3952
pop : 3951
pop : 3950
pop : 3949
pop : 3948
pop : 3947
pop : 3946
pop : 3945
pop : 3944
pop : 3943
pop : 3942
pop : 3941
pop : 3940
pop : 3939
pop : 3938
pop : 3937
pop : 3936
pop : 3935
pop : 3934
pop : 3933
pop : 3932
pop : 3931
pop : 3930
pop : 3929
pop : 3928
pop : 3927
pop : 3926
pop : 3925
pop : 3924
pop : 3923
pop : 3922
pop : 3921
pop : 3920
pop : 3919
pop : 3918
pop : 3917
pop : 3916
pop : 3915
pop : 3914
pop : 3913
pop : 3912
pop : 3911
pop : 3910
pop : 3909
pop : 3908
pop : 3907
pop : 3906
pop : 3905
pop : 3904
pop : 3903
pop : 3902
pop : 3901
pop : 3900
pop : 3899
pop : 3898
pop : 3897
pop : 3896
pop : 3895
pop : 3894
pop : 3893
pop : 3892
pop : 3891
pop : 3890
pop : 3889
pop : 3888
pop : 3887
pop : 3886
pop : 3885
pop : 3884
pop : 3883
pop : 3882
pop : 3881
pop : 3880
pop : 3879
pop : 3878
pop : 3877
pop : 3876
pop : 3875
pop : 3874
pop : 3873
pop : 3872
pop : 3871
pop : 3870
pop : 3869
pop : 3868
pop : 3867
pop : 3866
pop : 3865
pop : 3864
pop : 3863
pop : 3862
pop : 3861
pop : 3860
pop : 3859
pop : 3858
pop : 3857
pop : 3856
pop : 3855
pop : 3854
pop : 3853
pop : 3852
pop : 3851
pop : 3850
pop : 3849
pop : 3848
pop : 3847
pop : 3846
pop : 3845
pop : 3844
pop : 3843
pop : 3842
pop : 3841
pop : 3840
pop : 3839
pop : 3838
pop : 3837
pop : 3836
pop : 3835
pop : 3834
pop : 3833
pop : 3832
pop : 3831
pop : 3830
pop : 3829
pop : 3828
pop : 3827
pop : 3826
pop : 3825
pop : 3824
pop : 3823
pop : 3822
pop : 3821
pop : 3820
pop : 3819
pop : 3818
pop : 3817
pop : 3816
pop : 3815
pop : 3814
pop : 3813
pop : 3812
pop : 3811
pop : 3810
pop : 3809
pop : 3808
pop : 3807
pop : 3806
pop : 3805
pop : 3804
pop : 3803
pop : 3802
pop : 3801
pop : 3800
pop : 3799
pop : 3798
pop : 3797
pop : 3796
pop : 3795
pop : 3794
pop : 3793
pop : 3792
pop : 3791
pop : 3790
pop : 3789
pop : 3788
pop : 3787
pop : 3786
pop : 3785
pop : 3784
pop : 3783
pop : 3782
pop : 3781
pop : 3780
pop : 3779
pop : 3778
pop : 3777
pop : 3776
pop : 3775
pop : 3774
pop : 3773
pop : 3772
pop : 3771
pop : 3770
pop : 3769
pop : 3768
pop : 3767
pop : 3766
pop : 3765
pop : 3764
pop : 3763
pop : 3762
pop : 3761
pop : 3760
pop : 3759
pop : 3758
pop : 3757
pop : 3756
pop : 3755
pop : 3754
pop : 3753
pop : 3752
pop : 3751
pop : 3750
pop : 3749
pop : 3748
pop : 3747
pop : 3746
pop : 3745
pop : 3744
pop : 3743
pop : 3742
pop : 3741
pop : 3740
pop : 3739
pop : 3738
pop : 3737
pop : 3736
pop : 3735
pop : 3734
pop : 3733
pop : 3732
pop : 3731
pop : 3730
pop : 3729
pop : 3728
pop : 3727
pop : 3726
pop : 3725
pop : 3724
pop : 3723
pop : 3722
pop : 3721
pop : 3720
pop : 3719
pop : 3718
pop : 3717
pop : 3716
pop : 3715
pop : 3714
pop : 3713
pop : 3712
pop : 3711
pop : 3710
pop : 3709
pop : 3708
pop : 3707
pop : 3706
pop : 3705
pop : 3704
pop : 3703
pop : 3702
pop : 3701
pop : 3700
pop : 3699
pop : 3698
pop : 3697
pop : 3696
pop : 3695
pop : 3694
pop : 3693
pop : 3692
pop : 3691
pop : 3690
pop : 3689
pop : 3688
pop : 3687
pop : 3686
pop : 3685
pop : 3684
pop : 3683
pop : 3682
pop : 3681
pop : 3680
pop : 3679
pop : 3678
pop : 3677
pop : 3676
pop : 3675
pop : 3674
pop : 3673
pop : 3672
pop : 3671
pop : 3670
pop : 3669
pop : 3668
pop : 3667
pop : 3666
pop : 3665
pop : 3664
pop : 3663
pop : 3662
pop : 3661
pop : 3660
pop : 3659
pop : 3658
pop : 3657
pop : 3656
pop : 3655
pop : 3654
pop : 3653
pop : 3652
pop : 3651
pop : 3650
pop : 3649
pop : 3648
pop : 3647
pop : 3646
pop : 3645
pop : 3644
pop : 3643
pop : 3642
pop : 3641
pop : 3640
pop : 3639
pop : 3638
pop : 3637
pop : 3636
pop : 3635
pop : 3634
pop : 3633
pop : 3632
pop : 3631
pop : 3630
pop : 3629
pop : 3628
pop : 3627
pop : 3626
pop : 3625
pop : 3624
pop : 3623
pop : 3622
pop : 3621
pop : 3620
pop : 3619
pop : 3618
pop : 3617
pop : 3616
pop : 3615
pop : 3614
pop : 3613
pop : 3612
pop : 3611
pop : 3610
pop : 3609
pop : 3608
pop : 3607
pop : 3606
pop : 3605
pop : 3604
pop : 3603
pop : 3602
pop : 3601
pop : 3600
pop : 3599
pop : 3598
pop : 3597
pop : 3596
pop : 3595
pop : 3594
pop : 3593
pop : 3592
pop : 3591
pop : 3590
pop : 3589
pop : 3588
pop : 3587
pop : 3586
pop : 3585
pop : 3584
pop : 3583
pop : 3582
pop : 3581
pop : 3580
pop : 3579
pop : 3578
pop : 3577
pop : 3576
pop : 3575
pop : 3574
pop : 3573
pop : 3572
pop : 3571
pop : 3570
pop : 3569
pop : 3568
pop : 3567
pop : 3566
pop : 3565
pop : 3564
pop : 3563
pop : 3562
pop : 3561
pop : 3560
pop : 3559
pop : 3558
pop : 3557
pop : 3556
pop : 3555
pop : 3554
pop : 3553
pop : 3552
pop : 3551
pop : 3550
pop : 3549
pop : 3548
pop : 3547
pop : 3546
pop : 3545
pop : 3544
pop : 3543
pop : 3542
pop : 3541
pop : 3540
pop : 3539
pop : 3538
pop : 3537
pop : 3536
pop : 3535
pop : 3534
pop : 3533
pop : 3532
pop : 3531
pop : 3530
pop : 3529
pop : 3528
pop : 3527
pop : 3526
pop : 3525
pop : 3524
pop : 3523
pop : 3522
pop : 3521
pop : 3520
pop : 3519
pop : 3518
pop : 3517
pop : 3516
pop : 3515
pop : 3514
pop : 3513
pop : 3512
pop : 3511
pop : 3510
pop : 3509
pop : 3508
pop : 3507
pop : 3506
pop : 3505
pop : 3504
pop : 3503
pop : 3502
pop : 3501
pop : 3500
pop : 3499
pop : 3498
pop : 3497
pop : 3496
pop : 3495
pop : 3494
pop : 3493
pop : 3492
pop : 3491
pop : 3490
pop : 3489
pop : 3488
pop : 3487
pop : 3486
pop : 3485
pop : 3484
pop : 3483
pop : 3482
pop : 3481
pop : 3480
pop : 3479
pop : 3478
pop : 3477
pop : 3476
pop : 3475
pop : 3474
pop : 3473
pop : 3472
pop : 3471
pop : 3470
pop : 3469
pop : 3468
pop : 3467
pop : 3466
pop : 3465
pop : 3464
pop : 3463
pop : 3462
pop : 3461
pop : 3460
pop : 3459
pop : 3458
pop : 3457
pop : 3456
pop : 3455
pop : 3454
pop : 3453
pop : 3452
pop : 3451
pop : 3450
pop : 3449
pop : 3448
pop : 3447
pop : 3446
pop : 3445
pop : 3444
pop : 3443
pop : 3442
pop : 3441
pop : 3440
pop : 3439
pop : 3438
pop : 3437
pop : 3436
pop : 3435
pop : 3434
pop : 3433
pop : 3432
pop : 3431
pop : 3430
pop : 3429
pop : 3428
pop : 3427
pop : 3426
pop : 3425
pop : 3424
pop : 3423
pop : 3422
pop : 3421
pop : 3420
pop : 3419
pop : 3418
pop : 3417
pop : 3416
pop : 3415
pop : 3414
pop : 3413
pop : 3412
pop : 3411
pop : 3410
pop : 3409
pop : 3408
pop : 3407
pop : 3406
pop : 3405
pop : 3404
pop : 3403
pop : 3402
pop : 3401
pop : 3400
pop : 3399
pop : 3398
pop : 3397
pop : 3396
pop : 3395
pop : 3394
pop : 3393
pop : 3392
pop : 3391
pop : 3390
pop : 3389
pop : 3388
pop : 3387
pop : 3386
pop : 3385
pop : 3384
pop : 3383
pop : 3382
pop : 3381
pop : 3380
pop : 3379
pop : 3378
pop : 3377
pop : 3376
pop : 3375
pop : 3374
pop : 3373
pop : 3372
pop : 3371
pop : 3370
pop : 3369
pop : 3368
pop : 3367
pop : 3366
pop : 3365
pop : 3364
pop : 3363
pop : 3362
pop : 3361
pop : 3360
pop : 3359
pop : 3358
pop : 3357
pop : 3356
pop : 3355
pop : 3354
pop : 3353
pop : 3352
pop : 3351
pop : 3350
pop : 3349
pop : 3348
pop : 3347
pop : 3346
pop : 3345
pop : 3344
pop : 3343
pop : 3342
pop : 3341
pop : 3340
pop : 3339
pop : 3338
pop : 3337
pop : 3336
pop : 3335
pop : 3334
pop : 3333
pop : 3332
pop : 3331
pop : 3330
pop : 3329
pop : 3328
pop : 3327
pop : 3326
pop : 3325
pop : 3324
pop : 3323
pop : 3322
pop : 3321
pop : 3320
pop : 3319
pop : 3318
pop : 3317
pop : 3316
pop : 3315
pop : 3314
pop : 3313
pop : 3312
pop : 3311
pop : 3310
pop : 3309
pop : 3308
pop : 3307
pop : 3306
pop : 3305
pop : 3304
pop : 3303
pop : 3302
pop : 3301
pop : 3300
pop : 3299
pop : 3298
pop : 3297
pop : 3296
pop : 3295
pop : 3294
pop : 3293
pop : 3292
pop : 3291
pop : 3290
pop : 3289
pop : 3288
pop : 3287
pop : 3286
pop : 3285
pop : 3284
pop : 3283
pop : 3282
pop : 3281
pop : 3280
pop : 3279
pop : 3278
pop : 3277
pop : 3276
pop : 3275
pop : 3274
pop : 3273
pop : 3272
pop : 3271
pop : 3270
pop : 3269
pop : 3268
pop : 3267
pop : 3266
pop : 3265
pop : 3264
pop : 3263
pop : 3262
pop : 3261
pop : 3260
pop : 3259
pop : 3258
pop : 3257
pop : 3256
pop : 3255
pop : 3254
pop : 3253
pop : 3252
pop : 3251
pop : 3250
pop : 3249
pop : 3248
pop : 3247
pop : 3246
pop : 3245
pop : 3244
pop : 3243
pop : 3242
pop : 3241
pop : 3240
pop : 3239
pop : 3238
pop : 3237
pop : 3236
pop : 3235
pop : 3234
pop : 3233
pop : 3232
pop : 3231
pop : 3230
pop : 3229
pop : 3228
pop : 3227
pop : 3226
pop : 3225
pop : 3224
pop : 3223
pop : 3222
pop : 3221
pop : 3220
pop : 3219
pop : 3218
pop : 3217
pop : 3216
pop : 3215
pop : 3214
pop : 3213
pop : 3212
pop : 3211
pop : 3210
pop : 3209
pop : 3208
pop : 3207
pop : 3206
pop : 3205
pop : 3204
pop : 3203
pop : 3202
pop : 3201
pop : 3200
pop : 3199
pop : 3198
pop : 3197
pop : 3196
pop : 3195
pop : 3194
pop : 3193
pop : 3192
pop : 3191
pop : 3190
pop : 3189
pop : 3188
pop : 3187
pop : 3186
pop : 3185
pop : 3184
pop : 3183
pop : 3182
pop : 3181
pop : 3180
pop : 3179
pop : 3178
pop : 3177
pop : 3176
pop : 3175
pop : 3174
pop : 3173
pop : 3172
pop : 3171
pop : 3170
pop : 3169
pop : 3168
pop : 3167
pop : 3166
pop : 3165
pop : 3164
pop : 3163
pop : 3162
pop : 3161
pop : 3160
pop : 3159
pop : 3158
pop : 3157
pop : 3156
pop : 3155
pop : 3154
pop : 3153
pop : 3152
pop : 3151
pop : 3150
pop : 3149
pop : 3148
pop : 3147
pop : 3146
pop : 3145
pop : 3144
pop : 3143
pop : 3142
pop : 3141
pop : 3140
pop : 3139
pop : 3138
pop : 3137
pop : 3136
pop : 3135
pop : 3134
pop : 3133
pop : 3132
pop : 3131
pop : 3130
pop : 3129
pop : 3128
pop : 3127
pop : 3126
pop : 3125
pop : 3124
pop : 3123
pop : 3122
pop : 3121
pop : 3120
pop : 3119
pop : 3118
pop : 3117
pop : 3116
pop : 3115
pop : 3114
pop : 3113
pop : 3112
pop : 3111
pop : 3110
pop : 3109
pop : 3108
pop : 3107
pop : 3106
pop : 3105
pop : 3104
pop : 3103
pop : 3102
pop : 3101
pop : 3100
pop : 3099
pop : 3098
pop : 3097
pop : 3096
pop : 3095
pop : 3094
pop : 3093
pop : 3092
pop : 3091
pop : 3090
pop : 3089
pop : 3088
pop : 3087
pop : 3086
pop : 3085
pop : 3084
pop : 3083
pop : 3082
pop : 3081
pop : 3080
pop : 3079
pop : 3078
pop : 3077
pop : 3076
pop : 3075
pop : 3074
pop : 3073
pop : 3072
pop : 3071
pop : 3070
pop : 3069
pop : 3068
pop : 3067
pop : 3066
pop : 3065
pop : 3064
pop : 3063
pop : 3062
pop : 3061
pop : 3060
pop : 3059
pop : 3058
pop : 3057
pop : 3056
pop : 3055
pop : 3054
pop : 3053
pop : 3052
pop : 3051
pop : 3050
pop : 3049
pop : 3048
pop : 3047
pop : 3046
pop : 3045
pop : 3044
pop : 3043
pop : 3042
pop : 3041
pop : 3040
pop : 3039
pop : 3038
pop : 3037
pop : 3036
pop : 3035
pop : 3034
pop : 3033
pop : 3032
pop : 3031
pop : 3030
pop : 3029
pop : 3028
pop : 3027
pop : 3026
pop : 3025
pop : 3024
pop : 3023
pop : 3022
pop : 3021
pop : 3020
pop : 3019
pop : 3018
pop : 3017
pop : 3016
pop : 3015
pop : 3014
pop : 3013
pop : 3012
pop : 3011
pop : 3010
pop : 3009
pop : 3008
pop : 3007
pop : 3006
pop : 3005
pop : 3004
pop : 3003
pop : 3002
pop : 3001
pop : 3000
pop : 2999
pop : 2998
pop : 2997
pop : 2996
pop : 2995
pop : 2994
pop : 2993
pop : 2992
pop : 2991
pop : 2990
pop : 2989
pop : 2988
pop : 2987
pop : 2986
pop : 2985
pop : 2984
pop : 2983
pop : 2982
pop : 2981
pop : 2980
pop : 2979
pop : 2978
pop : 2977
pop : 2976
pop : 2975
pop : 2974
pop : 2973
pop : 2972
pop : 2971
pop : 2970
pop : 2969
pop : 2968
pop : 2967
pop : 2966
pop : 2965
pop : 2964
pop : 2963
pop : 2962
pop : 2961
pop : 2960
pop : 2959
pop : 2958
pop : 2957
pop : 2956
pop : 2955
pop : 2954
pop : 2953
pop : 2952
pop : 2951
pop : 2950
pop : 2949
pop : 2948
pop : 2947
pop : 2946
pop : 2945
pop : 2944
pop : 2943
pop : 2942
pop : 2941
pop : 2940
pop : 2939
pop : 2938
pop : 2937
pop : 2936
pop : 2935
pop : 2934
pop : 2933
pop : 2932
pop : 2931
pop : 2930
pop : 2929
pop : 2928
pop : 2927
pop : 2926
pop : 2925
pop : 2924
pop : 2923
pop : 2922
pop : 2921
pop : 2920
pop : 2919
pop : 2918
pop : 2917
pop : 2916
pop : 2915
pop : 2914
pop : 2913
pop : 2912
pop : 2911
pop : 2910
pop : 2909
pop : 2908
pop : 2907
pop : 2906
pop : 2905
pop : 2904
pop : 2903
pop : 2902
pop : 2901
pop : 2900
pop : 2899
pop : 2898
pop : 2897
pop : 2896
pop : 2895
pop : 2894
pop : 2893
pop : 2892
pop : 2891
pop : 2890
pop : 2889
pop : 2888
pop : 2887
pop : 2886
pop : 2885
pop : 2884
pop : 2883
pop : 2882
pop : 2881
pop : 2880
pop : 2879
pop : 2878
pop : 2877
pop : 2876
pop : 2875
pop : 2874
pop : 2873
pop : 2872
pop : 2871
pop : 2870
pop : 2869
pop : 2868
pop : 2867
pop : 2866
pop : 2865
pop : 2864
pop : 2863
pop : 2862
pop : 2861
pop : 2860
pop : 2859
pop : 2858
pop : 2857
pop : 2856
pop : 2855
pop : 2854
pop : 2853
pop : 2852
pop : 2851
pop : 2850
pop : 2849
pop : 2848
pop : 2847
pop : 2846
pop : 2845
pop : 2844
pop : 2843
pop : 2842
pop : 2841
pop : 2840
pop : 2839
pop : 2838
pop : 2837
pop : 2836
pop : 2835
pop : 2834
pop : 2833
pop : 2832
pop : 2831
pop : 2830
pop : 2829
pop : 2828
pop : 2827
pop : 2826
pop : 2825
pop : 2824
pop : 2823
pop : 2822
pop : 2821
pop : 2820
pop : 2819
pop : 2818
pop : 2817
pop : 2816
pop : 2815
pop : 2814
pop : 2813
pop : 2812
pop : 2811
pop : 2810
pop : 2809
pop : 2808
pop : 2807
pop : 2806
pop : 2805
pop : 2804
pop : 2803
pop : 2802
pop : 2801
pop : 2800
pop : 2799
pop : 2798
pop : 2797
pop : 2796
pop : 2795
pop : 2794
pop : 2793
pop : 2792
pop : 2791
pop : 2790
pop : 2789
pop : 2788
pop : 2787
pop : 2786
pop : 2785
pop : 2784
pop : 2783
pop : 2782
pop : 2781
pop : 2780
pop : 2779
pop : 2778
pop : 2777
pop : 2776
[...]
pop : 1914
pop : 1913
pop : 1912
pop : 1911
pop : 1910
pop : 1909
pop : 1908
pop : 1907
pop : 1906
pop : 1905
pop : 1904
pop : 1903
pop : 1902
pop : 1901
pop : 1900
pop : 1899
pop : 1898
pop : 1897
pop : 1896
pop : 1895
pop : 1894
pop : 1893
pop : 1892
pop : 1891
pop : 1890
pop : 1889
pop : 1888
pop : 1887
pop : 1886
pop : 1885
pop : 1884
pop : 1883
pop : 1882
pop : 1881
pop : 1880
pop : 1879
pop : 1878
pop : 1877
pop : 1876
pop : 1875
pop : 1874
pop : 1873
pop : 1872
pop : 1871
pop : 1870
pop : 1869
pop : 1868
pop : 1867
pop : 1866
pop : 1865
pop : 1864
pop : 1863
pop : 1862
pop : 1861
pop : 1860
pop : 1859
pop : 1858
pop : 1857
pop : 1856
pop : 1855
pop : 1854
pop : 1853
pop : 1852
pop : 1851
pop : 1850
pop : 1849
pop : 1848
pop : 1847
pop : 1846
pop : 1845
pop : 1844
pop : 1843
pop : 1842
pop : 1841
pop : 1840
pop : 1839
pop : 1838
pop : 1837
pop : 1836
pop : 1835
pop : 1834
pop : 1833
pop : 1832
pop : 1831
pop : 1830
pop : 1829
pop : 1828
pop : 1827
pop : 1826
pop : 1825
pop : 1824
pop : 1823
pop : 1822
pop : 1821
pop : 1820
pop : 1819
pop : 1818
pop : 1817
pop : 1816
pop : 1815
pop : 1814
pop : 1813
pop : 1812
pop : 1811
pop : 1810
pop : 1809
pop : 1808
pop : 1807
pop : 1806
pop : 1805
pop : 1804
pop : 1803
pop : 1802
pop : 1801
pop : 1800
pop : 1799
pop : 1798
pop : 1797
pop : 1796
pop : 1795
pop : 1794
pop : 1793
pop : 1792
pop : 1791
pop : 1790
pop : 1789
pop : 1788
pop : 1787
pop : 1786
pop : 1785
pop : 1784
pop : 1783
pop : 1782
pop : 1781
pop : 1780
pop : 1779
pop : 1778
pop : 1777
pop : 1776
pop : 1775
pop : 1774
pop : 1773
pop : 1772
pop : 1771
pop : 1770
pop : 1769
pop : 1768
pop : 1767
pop : 1766
pop : 1765
pop : 1764
pop : 1763
pop : 1762
pop : 1761
pop : 1760
pop : 1759
pop : 1758
pop : 1757
pop : 1756
pop : 1755
pop : 1754
pop : 1753
pop : 1752
pop : 1751
pop : 1750
pop : 1749
pop : 1748
pop : 1747
pop : 1746
pop : 1745
pop : 1744
pop : 1743
pop : 1742
pop : 1741
pop : 1740
pop : 1739
pop : 1738
pop : 1737
pop : 1736
pop : 1735
pop : 1734
pop : 1733
pop : 1732
pop : 1731
pop : 1730
pop : 1729
pop : 1728
pop : 1727
pop : 1726
pop : 1725
pop : 1724
pop : 1723
pop : 1722
pop : 1721
pop : 1720
pop : 1719
pop : 1718
pop : 1717
pop : 1716
pop : 1715
pop : 1714
pop : 1713
pop : 1712
pop : 1711
pop : 1710
pop : 1709
pop : 1708
pop : 1707
pop : 1706
pop : 1705
pop : 1704
pop : 1703
pop : 1702
pop : 1701
pop : 1700
pop : 1699
pop : 1698
pop : 1697
pop : 1696
pop : 1695
pop : 1694
pop : 1693
pop : 1692
pop : 1691
pop : 1690
pop : 1689
pop : 1688
pop : 1687
pop : 1686
pop : 1685
pop : 1684
pop : 1683
pop : 1682
pop : 1681
pop : 1680
pop : 1679
pop : 1678
pop : 1677
pop : 1676
pop : 1675
pop : 1674
pop : 1673
pop : 1672
pop : 1671
pop : 1670
pop : 1669
pop : 1668
pop : 1667
pop : 1666
pop : 1665
pop : 1664
pop : 1663
pop : 1662
pop : 1661
pop : 1660
pop : 1659
pop : 1658
pop : 1657
pop : 1656
pop : 1655
pop : 1654
pop : 1653
pop : 1652
pop : 1651
pop : 1650
pop : 1649
pop : 1648
pop : 1647
pop : 1646
pop : 1645
pop : 1644
pop : 1643
pop : 1642
pop : 1641
pop : 1640
pop : 1639
pop : 1638
pop : 1637
pop : 1636
pop : 1635
pop : 1634
pop : 1633
pop : 1632
pop : 1631
pop : 1630
pop : 1629
pop : 1628
pop : 1627
pop : 1626
pop : 1625
pop : 1624
pop : 1623
pop : 1622
pop : 1621
pop : 1620
pop : 1619
pop : 1618
pop : 1617
pop : 1616
pop : 1615
pop : 1614
pop : 1613
pop : 1612
pop : 1611
pop : 1610
pop : 1609
pop : 1608
pop : 1607
pop : 1606
pop : 1605
pop : 1604
pop : 1603
pop : 1602
pop : 1601
pop : 1600
pop : 1599
pop : 1598
pop : 1597
pop : 1596
pop : 1595
pop : 1594
pop : 1593
pop : 1592
pop : 1591
pop : 1590
pop : 1589
pop : 1588
pop : 1587
pop : 1586
pop : 1585
pop : 1584
pop : 1583
pop : 1582
pop : 1581
pop : 1580
pop : 1579
pop : 1578
pop : 1577
pop : 1576
pop : 1575
pop : 1574
pop : 1573
pop : 1572
pop : 1571
pop : 1570
pop : 1569
pop : 1568
pop : 1567
pop : 1566
pop : 1565
pop : 1564
pop : 1563
pop : 1562
pop : 1561
pop : 1560
pop : 1559
pop : 1558
pop : 1557
pop : 1556
pop : 1555
pop : 1554
pop : 1553
pop : 1552
pop : 1551
pop : 1550
pop : 1549
pop : 1548
pop : 1547
pop : 1546
pop : 1545
pop : 1544
pop : 1543
pop : 1542
pop : 1541
pop : 1540
pop : 1539
pop : 1538
pop : 1537
pop : 1536
pop : 1535
pop : 1534
pop : 1533
pop : 1532
pop : 1531
pop : 1530
pop : 1529
pop : 1528
pop : 1527
pop : 1526
pop : 1525
pop : 1524
pop : 1523
pop : 1522
pop : 1521
pop : 1520
pop : 1519
pop : 1518
pop : 1517
pop : 1516
pop : 1515
pop : 1514
pop : 1513
pop : 1512
pop : 1511
pop : 1510
pop : 1509
pop : 1508
pop : 1507
pop : 1506
pop : 1505
pop : 1504
pop : 1503
pop : 1502
pop : 1501
pop : 1500
pop : 1499
pop : 1498
pop : 1497
pop : 1496
pop : 1495
pop : 1494
pop : 1493
pop : 1492
pop : 1491
pop : 1490
pop : 1489
pop : 1488
pop : 1487
pop : 1486
pop : 1485
pop : 1484
pop : 1483
pop : 1482
pop : 1481
pop : 1480
pop : 1479
pop : 1478
pop : 1477
pop : 1476
pop : 1475
pop : 1474
pop : 1473
pop : 1472
pop : 1471
pop : 1470
pop : 1469
pop : 1468
pop : 1467
pop : 1466
pop : 1465
pop : 1464
pop : 1463
pop : 1462
pop : 1461
pop : 1460
pop : 1459
pop : 1458
pop : 1457
pop : 1456
pop : 1455
pop : 1454
pop : 1453
pop : 1452
pop : 1451
pop : 1450
pop : 1449
pop : 1448
pop : 1447
pop : 1446
pop : 1445
pop : 1444
pop : 1443
pop : 1442
pop : 1441
pop : 1440
pop : 1439
pop : 1438
pop : 1437
pop : 1436
pop : 1435
pop : 1434
pop : 1433
pop : 1432
pop : 1431
pop : 1430
pop : 1429
pop : 1428
pop : 1427
pop : 1426
pop : 1425
pop : 1424
pop : 1423
pop : 1422
pop : 1421
pop : 1420
pop : 1419
pop : 1418
pop : 1417
pop : 1416
pop : 1415
pop : 1414
pop : 1413
pop : 1412
pop : 1411
pop : 1410
pop : 1409
pop : 1408
pop : 1407
pop : 1406
pop : 1405
pop : 1404
pop : 1403
pop : 1402
pop : 1401
pop : 1400
pop : 1399
pop : 1398
pop : 1397
pop : 1396
pop : 1395
pop : 1394
pop : 1393
pop : 1392
pop : 1391
pop : 1390
pop : 1389
pop : 1388
pop : 1387
pop : 1386
pop : 1385
pop : 1384
pop : 1383
pop : 1382
pop : 1381
pop : 1380
pop : 1379
pop : 1378
pop : 1377
pop : 1376
pop : 1375
pop : 1374
pop : 1373
pop : 1372
pop : 1371
pop : 1370
pop : 1369
pop : 1368
pop : 1367
pop : 1366
pop : 1365
pop : 1364
pop : 1363
pop : 1362
pop : 1361
pop : 1360
pop : 1359
pop : 1358
pop : 1357
pop : 1356
pop : 1355
pop : 1354
pop : 1353
pop : 1352
pop : 1351
pop : 1350
pop : 1349
pop : 1348
pop : 1347
pop : 1346
pop : 1345
pop : 1344
pop : 1343
pop : 1342
pop : 1341
pop : 1340
pop : 1339
pop : 1338
pop : 1337
pop : 1336
pop : 1335
pop : 1334
pop : 1333
pop : 1332
pop : 1331
pop : 1330
pop : 1329
pop : 1328
pop : 1327
pop : 1326
pop : 1325
pop : 1324
pop : 1323
pop : 1322
pop : 1321
pop : 1320
pop : 1319
pop : 1318
pop : 1317
pop : 1316
pop : 1315
pop : 1314
pop : 1313
pop : 1312
pop : 1311
pop : 1310
pop : 1309
pop : 1308
pop : 1307
pop : 1306
pop : 1305
pop : 1304
pop : 1303
pop : 1302
pop : 1301
pop : 1300
pop : 1299
pop : 1298
pop : 1297
pop : 1296
pop : 1295
pop : 1294
pop : 1293
pop : 1292
pop : 1291
pop : 1290
pop : 1289
pop : 1288
pop : 1287
pop : 1286
pop : 1285
pop : 1284
pop : 1283
pop : 1282
pop : 1281
pop : 1280
pop : 1279
pop : 1278
pop : 1277
pop : 1276
pop : 1275
pop : 1274
pop : 1273
pop : 1272
pop : 1271
pop : 1270
pop : 1269
pop : 1268
pop : 1267
pop : 1266
pop : 1265
pop : 1264
pop : 1263
pop : 1262
pop : 1261
pop : 1260
pop : 1259
pop : 1258
pop : 1257
pop : 1256
pop : 1255
pop : 1254
pop : 1253
pop : 1252
pop : 1251
pop : 1250
pop : 1249
pop : 1248
pop : 1247
pop : 1246
pop : 1245
pop : 1244
pop : 1243
pop : 1242
pop : 1241
pop : 1240
pop : 1239
pop : 1238
pop : 1237
pop : 1236
pop : 1235
pop : 1234
pop : 1233
pop : 1232
pop : 1231
pop : 1230
pop : 1229
pop : 1228
pop : 1227
pop : 1226
pop : 1225
pop : 1224
pop : 1223
pop : 1222
pop : 1221
pop : 1220
pop : 1219
pop : 1218
pop : 1217
pop : 1216
pop : 1215
pop : 1214
pop : 1213
pop : 1212
pop : 1211
pop : 1210
pop : 1209
pop : 1208
pop : 1207
pop : 1206
pop : 1205
pop : 1204
pop : 1203
pop : 1202
pop : 1201
pop : 1200
pop : 1199
pop : 1198
pop : 1197
pop : 1196
pop : 1195
pop : 1194
pop : 1193
pop : 1192
pop : 1191
pop : 1190
pop : 1189
pop : 1188
pop : 1187
pop : 1186
pop : 1185
pop : 1184
pop : 1183
pop : 1182
pop : 1181
pop : 1180
pop : 1179
pop : 1178
pop : 1177
pop : 1176
pop : 1175
pop : 1174
pop : 1173
pop : 1172
pop : 1171
pop : 1170
pop : 1169
pop : 1168
pop : 1167
pop : 1166
pop : 1165
pop : 1164
pop : 1163
pop : 1162
pop : 1161
pop : 1160
pop : 1159
pop : 1158
pop : 1157
pop : 1156
pop : 1155
pop : 1154
pop : 1153
pop : 1152
pop : 1151
pop : 1150
pop : 1149
pop : 1148
pop : 1147
pop : 1146
pop : 1145
pop : 1144
pop : 1143
pop : 1142
pop : 1141
pop : 1140
pop : 1139
pop : 1138
pop : 1137
pop : 1136
pop : 1135
pop : 1134
pop : 1133
pop : 1132
pop : 1131
pop : 1130
pop : 1129
pop : 1128
pop : 1127
pop : 1126
pop : 1125
pop : 1124
pop : 1123
pop : 1122
pop : 1121
pop : 1120
pop : 1119
pop : 1118
pop : 1117
pop : 1116
pop : 1115
pop : 1114
pop : 1113
pop : 1112
pop : 1111
pop : 1110
pop : 1109
pop : 1108
pop : 1107
pop : 1106
pop : 1105
pop : 1104
pop : 1103
pop : 1102
pop : 1101
pop : 1100
pop : 1099
pop : 1098
pop : 1097
pop : 1096
pop : 1095
pop : 1094
pop : 1093
pop : 1092
pop : 1091
pop : 1090
pop : 1089
pop : 1088
pop : 1087
pop : 1086
pop : 1085
pop : 1084
pop : 1083
pop : 1082
pop : 1081
pop : 1080
pop : 1079
pop : 1078
pop : 1077
pop : 1076
pop : 1075
pop : 1074
pop : 1073
pop : 1072
pop : 1071
pop : 1070
pop : 1069
pop : 1068
pop : 1067
pop : 1066
pop : 1065
pop : 1064
pop : 1063
pop : 1062
pop : 1061
pop : 1060
pop : 1059
pop : 1058
pop : 1057
pop : 1056
pop : 1055
pop : 1054
pop : 1053
pop : 1052
pop : 1051
pop : 1050
pop : 1049
pop : 1048
pop : 1047
pop : 1046
pop : 1045
pop : 1044
pop : 1043
pop : 1042
pop : 1041
pop : 1040
pop : 1039
pop : 1038
pop : 1037
pop : 1036
pop : 1035
pop : 1034
pop : 1033
pop : 1032
pop : 1031
pop : 1030
pop : 1029
pop : 1028
pop : 1027
pop : 1026
pop : 1025
pop : 1024
pop : 1023
pop : 1022
pop : 1021
pop : 1020
pop : 1019
pop : 1018
pop : 1017
pop : 1016
pop : 1015
pop : 1014
pop : 1013
pop : 1012
pop : 1011
pop : 1010
pop : 1009
pop : 1008
pop : 1007
pop : 1006
pop : 1005
pop : 1004
pop : 1003
pop : 1002
pop : 1001
pop : 1000
pop : 999
pop : 998
pop : 997
pop : 996
pop : 995
pop : 994
pop : 993
pop : 992
pop : 991
pop : 990
pop : 989
pop : 988
pop : 987
pop : 986
pop : 985
pop : 984
pop : 983
pop : 982
pop : 981
pop : 980
pop : 979
pop : 978
pop : 977
pop : 976
pop : 975
pop : 974
pop : 973
pop : 972
pop : 971
pop : 970
pop : 969
pop : 968
pop : 967
pop : 966
pop : 965
pop : 964
pop : 963
pop : 962
pop : 961
pop : 960
pop : 959
pop : 958
pop : 957
pop : 956
pop : 955
pop : 954
pop : 953
pop : 952
pop : 951
pop : 950
pop : 949
pop : 948
pop : 947
pop : 946
pop : 945
pop : 944
pop : 943
pop : 942
pop : 941
pop : 940
pop : 939
pop : 938
pop : 937
pop : 936
pop : 935
pop : 934
pop : 933
pop : 932
pop : 931
pop : 930
pop : 929
pop : 928
pop : 927
pop : 926
pop : 925
pop : 924
pop : 923
pop : 922
pop : 921
pop : 920
pop : 919
pop : 918
pop : 917
pop : 916
pop : 915
pop : 914
pop : 913
pop : 912
pop : 911
pop : 910
pop : 909
pop : 908
pop : 907
pop : 906
pop : 905
pop : 904
pop : 903
pop : 902
pop : 901
pop : 900
pop : 899
pop : 898
pop : 897
pop : 896
pop : 895
pop : 894
pop : 893
pop : 892
pop : 891
pop : 890
pop : 889
pop : 888
pop : 887
pop : 886
pop : 885
pop : 884
pop : 883
pop : 882
pop : 881
pop : 880
pop : 879
pop : 878
pop : 877
pop : 876
pop : 875
pop : 874
pop : 873
pop : 872
pop : 871
pop : 870
pop : 869
pop : 868
pop : 867
pop : 866
pop : 865
pop : 864
pop : 863
pop : 862
pop : 861
pop : 860
pop : 859
pop : 858
pop : 857
pop : 856
pop : 855
pop : 854
pop : 853
pop : 852
pop : 851
pop : 850
pop : 849
pop : 848
pop : 847
pop : 846
pop : 845
pop : 844
pop : 843
pop : 842
pop : 841
pop : 840
pop : 839
pop : 838
pop : 837
pop : 836
pop : 835
pop : 834
pop : 833
pop : 832
pop : 831
pop : 830
pop : 829
pop : 828
pop : 827
pop : 826
pop : 825
pop : 824
pop : 823
pop : 822
pop : 821
pop : 820
pop : 819
pop : 818
pop : 817
pop : 816
pop : 815
pop : 814
pop : 813
pop : 812
pop : 811
pop : 810
pop : 809
pop : 808
pop : 807
pop : 806
pop : 805
pop : 804
pop : 803
pop : 802
pop : 801
pop : 800
pop : 799
pop : 798
pop : 797
pop : 796
pop : 795
pop : 794
pop : 793
pop : 792
pop : 791
pop : 790
pop : 789
pop : 788
pop : 787
pop : 786
pop : 785
pop : 784
pop : 783
pop : 782
pop : 781
pop : 780
pop : 779
pop : 778
pop : 777
pop : 776
pop : 775
pop : 774
pop : 773
pop : 772
pop : 771
pop : 770
pop : 769
pop : 768
pop : 767
pop : 766
pop : 765
pop : 764
pop : 763
pop : 762
pop : 761
pop : 760
pop : 759
pop : 758
pop : 757
pop : 756
pop : 755
pop : 754
pop : 753
pop : 752
pop : 751
pop : 750
pop : 749
pop : 748
pop : 747
pop : 746
pop : 745
pop : 744
pop : 743
pop : 742
pop : 741
pop : 740
pop : 739
pop : 738
pop : 737
pop : 736
pop : 735
pop : 734
pop : 733
pop : 732
pop : 731
pop : 730
pop : 729
pop : 728
pop : 727
pop : 726
pop : 725
pop : 724
pop : 723
pop : 722
pop : 721
pop : 720
pop : 719
pop : 718
pop : 717
pop : 716
pop : 715
pop : 714
pop : 713
pop : 712
pop : 711
pop : 710
pop : 709
pop : 708
pop : 707
pop : 706
pop : 705
pop : 704
pop : 703
pop : 702
pop : 701
pop : 700
pop : 699
pop : 698
pop : 697
pop : 696
pop : 695
pop : 694
pop : 693
pop : 692
pop : 691
pop : 690
pop : 689
pop : 688
pop : 687
pop : 686
pop : 685
pop : 684
pop : 683
pop : 682
pop : 681
pop : 680
pop : 679
pop : 678
pop : 677
pop : 676
pop : 675
pop : 674
pop : 673
pop : 672
pop : 671
pop : 670
pop : 669
pop : 668
pop : 667
pop : 666
pop : 665
pop : 664
pop : 663
pop : 662
pop : 661
pop : 660
pop : 659
pop : 658
pop : 657
pop : 656
pop : 655
pop : 654
pop : 653
pop : 652
pop : 651
pop : 650
pop : 649
pop : 648
pop : 647
pop : 646
pop : 645
pop : 644
pop : 643
pop : 642
pop : 641
pop : 640
pop : 639
pop : 638
pop : 637
pop : 636
pop : 635
pop : 634
pop : 633
pop : 632
pop : 631
pop : 630
pop : 629
pop : 628
pop : 627
pop : 626
pop : 625
pop : 624
pop : 623
pop : 622
pop : 621
pop : 620
pop : 619
pop : 618
pop : 617
pop : 616
pop : 615
pop : 614
pop : 613
pop : 612
pop : 611
pop : 610
pop : 609
pop : 608
pop : 607
pop : 606
pop : 605
pop : 604
pop : 603
pop : 602
pop : 601
pop : 600
pop : 599
pop : 598
pop : 597
pop : 596
pop : 595
pop : 594
pop : 593
pop : 592
pop : 591
pop : 590
pop : 589
pop : 588
pop : 587
pop : 586
pop : 585
pop : 584
pop : 583
pop : 582
pop : 581
pop : 580
pop : 579
pop : 578
pop : 577
pop : 576
pop : 575
pop : 574
pop : 573
pop : 572
pop : 571
pop : 570
pop : 569
pop : 568
pop : 567
pop : 566
pop : 565
pop : 564
pop : 563
pop : 562
pop : 561
pop : 560
pop : 559
pop : 558
pop : 557
pop : 556
pop : 555
pop : 554
pop : 553
pop : 552
pop : 551
pop : 550
pop : 549
pop : 548
pop : 547
pop : 546
pop : 545
pop : 544
pop : 543
pop : 542
pop : 541
pop : 540
pop : 539
pop : 538
pop : 537
pop : 536
pop : 535
pop : 534
pop : 533
pop : 532
pop : 531
pop : 530
pop : 529
pop : 528
pop : 527
pop : 526
pop : 525
pop : 524
pop : 523
pop : 522
pop : 521
pop : 520
pop : 519
pop : 518
pop : 517
pop : 516
pop : 515
pop : 514
pop : 513
pop : 512
pop : 511
pop : 510
pop : 509
pop : 508
pop : 507
pop : 506
pop : 505
pop : 504
pop : 503
pop : 502
pop : 501
pop : 500
pop : 499
pop : 498
pop : 497
pop : 496
pop : 495
pop : 494
pop : 493
pop : 492
pop : 491
pop : 490
pop : 489
pop : 488
pop : 487
pop : 486
pop : 485
pop : 484
pop : 483
pop : 482
pop : 481
pop : 480
pop : 479
pop : 478
pop : 477
pop : 476
pop : 475
pop : 474
pop : 473
pop : 472
pop : 471
pop : 470
pop : 469
pop : 468
pop : 467
pop : 466
pop : 465
pop : 464
pop : 463
pop : 462
pop : 461
pop : 460
pop : 459
pop : 458
pop : 457
pop : 456
pop : 455
pop : 454
pop : 453
pop : 452
pop : 451
pop : 450
pop : 449
pop : 448
pop : 447
pop : 446
pop : 445
pop : 444
pop : 443
pop : 442
pop : 441
pop : 440
pop : 439
pop : 438
pop : 437
pop : 436
pop : 435
pop : 434
pop : 433
pop : 432
pop : 431
pop : 430
pop : 429
pop : 428
pop : 427
pop : 426
pop : 425
pop : 424
pop : 423
pop : 422
pop : 421
pop : 420
pop : 419
pop : 418
pop : 417
pop : 416
pop : 415
pop : 414
pop : 413
pop : 412
pop : 411
pop : 410
pop : 409
pop : 408
pop : 407
pop : 406
pop : 405
pop : 404
pop : 403
pop : 402
pop : 401
pop : 400
pop : 399
pop : 398
pop : 397
pop : 396
pop : 395
pop : 394
pop : 393
pop : 392
pop : 391
pop : 390
pop : 389
pop : 388
pop : 387
pop : 386
pop : 385
pop : 384
pop : 383
pop : 382
pop : 381
pop : 380
pop : 379
pop : 378
pop : 377
pop : 376
pop : 375
pop : 374
pop : 373
pop : 372
pop : 371
pop : 370
pop : 369
pop : 368
pop : 367
pop : 366
pop : 365
pop : 364
pop : 363
pop : 362
pop : 361
pop : 360
pop : 359
pop : 358
pop : 357
pop : 356
pop : 355
pop : 354
pop : 353
pop : 352
pop : 351
pop : 350
pop : 349
pop : 348
pop : 347
pop : 346
pop : 345
pop : 344
pop : 343
pop : 342
pop : 341
pop : 340
pop : 339
pop : 338
pop : 337
pop : 336
pop : 335
pop : 334
pop : 333
pop : 332
pop : 331
pop : 330
pop : 329
pop : 328
pop : 327
pop : 326
pop : 325
pop : 324
pop : 323
pop : 322
pop : 321
pop : 320
pop : 319
pop : 318
pop : 317
pop : 316
pop : 315
pop : 314
pop : 313
pop : 312
pop : 311
pop : 310
pop : 309
pop : 308
pop : 307
pop : 306
pop : 305
pop : 304
pop : 303
pop : 302
pop : 301
pop : 300
pop : 299
pop : 298
pop : 297
pop : 296
pop : 295
pop : 294
pop : 293
pop : 292
pop : 291
pop : 290
pop : 289
pop : 288
pop : 287
pop : 286
pop : 285
pop : 284
pop : 283
pop : 282
pop : 281
pop : 280
pop : 279
pop : 278
pop : 277
pop : 276
pop : 275
pop : 274
pop : 273
pop : 272
pop : 271
pop : 270
pop : 269
pop : 268
pop : 267
pop : 266
pop : 265
pop : 264
pop : 263
pop : 262
pop : 261
pop : 260
pop : 259
pop : 258
pop : 257
pop : 256
pop : 255
pop : 254
pop : 253
pop : 252
pop : 251
pop : 250
pop : 249
pop : 248
pop : 247
pop : 246
pop : 245
pop : 244
pop : 243
pop : 242
pop : 241
pop : 240
pop : 239
pop : 238
pop : 237
pop : 236
pop : 235
pop : 234
pop : 233
pop : 232
pop : 231
pop : 230
pop : 229
pop : 228
pop : 227
pop : 226
pop : 225
pop : 224
pop : 223
pop : 222
pop : 221
pop : 220
pop : 219
pop : 218
pop : 217
pop : 216
pop : 215
pop : 214
pop : 213
pop : 212
pop : 211
pop : 210
pop : 209
pop : 208
pop : 207
pop : 206
pop : 205
pop : 204
pop : 203
pop : 202
pop : 201
pop : 200
pop : 199
pop : 198
pop : 197
pop : 196
pop : 195
pop : 194
pop : 193
pop : 192
pop : 191
pop : 190
pop : 189
pop : 188
pop : 187
pop : 186
pop : 185
pop : 184
pop : 183
pop : 182
pop : 181
pop : 180
pop : 179
pop : 178
pop : 177
pop : 176
pop : 175
pop : 174
pop : 173
pop : 172
pop : 171
pop : 170
pop : 169
pop : 168
pop : 167
pop : 166
pop : 165
pop : 164
pop : 163
pop : 162
pop : 161
pop : 160
pop : 159
pop : 158
pop : 157
pop : 156
pop : 155
pop : 154
pop : 153
pop : 152
pop : 151
pop : 150
pop : 149
pop : 148
pop : 147
pop : 146
pop : 145
pop : 144
pop : 143
pop : 142
pop : 141
pop : 140
pop : 139
pop : 138
pop : 137
pop : 136
pop : 135
pop : 134
pop : 133
pop : 132
pop : 131
pop : 130
pop : 129
pop : 128
pop : 127
pop : 126
pop : 125
pop : 124
pop : 123
pop : 122
pop : 121
pop : 120
pop : 119
pop : 118
pop : 117
pop : 116
pop : 115
pop : 114
pop : 113
pop : 112
pop : 111
pop : 110
pop : 109
pop : 108
pop : 107
pop : 106
pop : 105
pop : 104
pop : 103
pop : 102
pop : 101
pop : 100
pop : 99
pop : 98
pop : 97
pop : 96
pop : 95
pop : 94
pop : 93
pop : 92
pop : 91
pop : 90
pop : 89
pop : 88
pop : 87
pop : 86
pop : 85
pop : 84
pop : 83
pop : 82
pop : 81
pop : 80
pop : 79
pop : 78
pop : 77
pop : 76
pop : 75
pop : 74
pop : 73
pop : 72
pop : 71
pop : 70
pop : 69
pop : 68
pop : 67
pop : 66
pop : 65
pop : 64
pop : 63
pop : 62
pop : 61
pop : 60
pop : 59
pop : 58
pop : 57
pop : 56
pop : 55
pop : 54
pop : 53
pop : 52
pop : 51
pop : 50
pop : 49
pop : 48
pop : 47
pop : 46
pop : 45
pop : 44
pop : 43
pop : 42
pop : 41
pop : 40
pop : 39
pop : 38
pop : 37
pop : 36
pop : 35
pop : 34
pop : 33
pop : 32
pop : 31
pop : 30
pop : 29
pop : 28
pop : 27
pop : 26
pop : 25
pop : 24
pop : 23
pop : 22
pop : 21
pop : 20
pop : 19
pop : 18
pop : 17
pop : 16
pop : 15
pop : 14
pop : 13
pop : 12
pop : 11
pop : 10
pop : 9
pop : 8
pop : 7
pop : 6
pop : 5
pop : 4
pop : 3
pop : 2
pop : 1
]]></system-out>
  </testcase>
</testsuite>